<?xml version="1.0" encoding="UTF-8"?>
<testng-results skipped="0" failed="0" ignored="0" total="268" passed="268">
  <reporter-output>
  </reporter-output>
  <suite name="Priority Queue Testing Suite" duration-ms="315" started-at="2017-09-30T23:41:56Z" finished-at="2017-09-30T23:41:56Z">
    <groups>
    </groups>
    <test name="Max Heap Tests" duration-ms="140" started-at="2017-09-30T23:41:56Z" finished-at="2017-09-30T23:41:56Z">
      <class name="MaxHeapTest_12_tenElements_increaseKey_mid">
        <test-method status="PASS" signature="testExtractHeapMax()[pri:0, instance:MaxHeapTest_12_tenElements_increaseKey_mid@5419f379]" name="testExtractHeapMax" duration-ms="0" started-at="2017-09-30T17:41:56Z" finished-at="2017-09-30T17:41:56Z">
          <reporter-output>
          </reporter-output>
        </test-method> <!-- testExtractHeapMax -->
        <test-method status="PASS" signature="initialize()[pri:0, instance:MaxHeapTest_12_tenElements_increaseKey_mid@5419f379]" name="initialize" is-config="true" duration-ms="0" started-at="2017-09-30T17:41:56Z" finished-at="2017-09-30T17:41:56Z">
          <reporter-output>
          </reporter-output>
        </test-method> <!-- initialize -->
        <test-method status="PASS" signature="initialize()[pri:0, instance:MaxHeapTest_12_tenElements_increaseKey_mid@5419f379]" name="initialize" is-config="true" duration-ms="0" started-at="2017-09-30T17:41:56Z" finished-at="2017-09-30T17:41:56Z">
          <reporter-output>
          </reporter-output>
        </test-method> <!-- initialize -->
        <test-method status="PASS" signature="testGetHeapSize()[pri:0, instance:MaxHeapTest_12_tenElements_increaseKey_mid@5419f379]" name="testGetHeapSize" duration-ms="1" started-at="2017-09-30T17:41:56Z" finished-at="2017-09-30T17:41:56Z">
          <reporter-output>
          </reporter-output>
        </test-method> <!-- testGetHeapSize -->
        <test-method status="PASS" signature="initialize()[pri:0, instance:MaxHeapTest_12_tenElements_increaseKey_mid@5419f379]" name="initialize" is-config="true" duration-ms="0" started-at="2017-09-30T17:41:56Z" finished-at="2017-09-30T17:41:56Z">
          <reporter-output>
          </reporter-output>
        </test-method> <!-- initialize -->
        <test-method status="PASS" signature="testHeapMax()[pri:0, instance:MaxHeapTest_12_tenElements_increaseKey_mid@5419f379]" name="testHeapMax" duration-ms="0" started-at="2017-09-30T17:41:56Z" finished-at="2017-09-30T17:41:56Z">
          <reporter-output>
          </reporter-output>
        </test-method> <!-- testHeapMax -->
        <test-method status="PASS" signature="testIncreaseHeapKey(int)[pri:0, instance:MaxHeapTest_12_tenElements_increaseKey_mid@5419f379]" name="testIncreaseHeapKey" duration-ms="0" started-at="2017-09-30T17:41:56Z" data-provider="validIndexes" finished-at="2017-09-30T17:41:56Z">
          <params>
            <param index="0">
              <value>
                <![CDATA[1]]>
              </value>
            </param>
          </params>
          <reporter-output>
          </reporter-output>
        </test-method> <!-- testIncreaseHeapKey -->
        <test-method status="PASS" signature="initialize()[pri:0, instance:MaxHeapTest_12_tenElements_increaseKey_mid@5419f379]" name="initialize" is-config="true" duration-ms="0" started-at="2017-09-30T17:41:56Z" finished-at="2017-09-30T17:41:56Z">
          <reporter-output>
          </reporter-output>
        </test-method> <!-- initialize -->
        <test-method status="PASS" signature="testIncreaseHeapKey(int)[pri:0, instance:MaxHeapTest_12_tenElements_increaseKey_mid@5419f379]" name="testIncreaseHeapKey" duration-ms="1" started-at="2017-09-30T17:41:56Z" data-provider="validIndexes" finished-at="2017-09-30T17:41:56Z">
          <params>
            <param index="0">
              <value>
                <![CDATA[3]]>
              </value>
            </param>
          </params>
          <reporter-output>
          </reporter-output>
        </test-method> <!-- testIncreaseHeapKey -->
        <test-method status="PASS" signature="initialize()[pri:0, instance:MaxHeapTest_12_tenElements_increaseKey_mid@5419f379]" name="initialize" is-config="true" duration-ms="0" started-at="2017-09-30T17:41:56Z" finished-at="2017-09-30T17:41:56Z">
          <reporter-output>
          </reporter-output>
        </test-method> <!-- initialize -->
        <test-method status="PASS" signature="initialize()[pri:0, instance:MaxHeapTest_12_tenElements_increaseKey_mid@5419f379]" name="initialize" is-config="true" duration-ms="0" started-at="2017-09-30T17:41:56Z" finished-at="2017-09-30T17:41:56Z">
          <reporter-output>
          </reporter-output>
        </test-method> <!-- initialize -->
        <test-method status="PASS" signature="testIncreaseHeapKey(int)[pri:0, instance:MaxHeapTest_12_tenElements_increaseKey_mid@5419f379]" name="testIncreaseHeapKey" duration-ms="0" started-at="2017-09-30T17:41:56Z" data-provider="validIndexes" finished-at="2017-09-30T17:41:56Z">
          <params>
            <param index="0">
              <value>
                <![CDATA[2]]>
              </value>
            </param>
          </params>
          <reporter-output>
          </reporter-output>
        </test-method> <!-- testIncreaseHeapKey -->
        <test-method status="PASS" signature="testIncreaseHeapKey(int)[pri:0, instance:MaxHeapTest_12_tenElements_increaseKey_mid@5419f379]" name="testIncreaseHeapKey" duration-ms="0" started-at="2017-09-30T17:41:56Z" data-provider="validIndexes" finished-at="2017-09-30T17:41:56Z">
          <params>
            <param index="0">
              <value>
                <![CDATA[4]]>
              </value>
            </param>
          </params>
          <reporter-output>
          </reporter-output>
        </test-method> <!-- testIncreaseHeapKey -->
        <test-method status="PASS" signature="initialize()[pri:0, instance:MaxHeapTest_12_tenElements_increaseKey_mid@5419f379]" name="initialize" is-config="true" duration-ms="0" started-at="2017-09-30T17:41:56Z" finished-at="2017-09-30T17:41:56Z">
          <reporter-output>
          </reporter-output>
        </test-method> <!-- initialize -->
        <test-method status="PASS" signature="testIncreaseHeapKey(int)[pri:0, instance:MaxHeapTest_12_tenElements_increaseKey_mid@5419f379]" name="testIncreaseHeapKey" duration-ms="0" started-at="2017-09-30T17:41:56Z" data-provider="validIndexes" finished-at="2017-09-30T17:41:56Z">
          <params>
            <param index="0">
              <value>
                <![CDATA[5]]>
              </value>
            </param>
          </params>
          <reporter-output>
          </reporter-output>
        </test-method> <!-- testIncreaseHeapKey -->
        <test-method status="PASS" signature="initialize()[pri:0, instance:MaxHeapTest_12_tenElements_increaseKey_mid@5419f379]" name="initialize" is-config="true" duration-ms="0" started-at="2017-09-30T17:41:56Z" finished-at="2017-09-30T17:41:56Z">
          <reporter-output>
          </reporter-output>
        </test-method> <!-- initialize -->
        <test-method status="PASS" signature="initialize()[pri:0, instance:MaxHeapTest_12_tenElements_increaseKey_mid@5419f379]" name="initialize" is-config="true" duration-ms="0" started-at="2017-09-30T17:41:56Z" finished-at="2017-09-30T17:41:56Z">
          <reporter-output>
          </reporter-output>
        </test-method> <!-- initialize -->
        <test-method status="PASS" signature="testIncreaseHeapKey(int)[pri:0, instance:MaxHeapTest_12_tenElements_increaseKey_mid@5419f379]" name="testIncreaseHeapKey" duration-ms="0" started-at="2017-09-30T17:41:56Z" data-provider="validIndexes" finished-at="2017-09-30T17:41:56Z">
          <params>
            <param index="0">
              <value>
                <![CDATA[7]]>
              </value>
            </param>
          </params>
          <reporter-output>
          </reporter-output>
        </test-method> <!-- testIncreaseHeapKey -->
        <test-method status="PASS" signature="initialize()[pri:0, instance:MaxHeapTest_12_tenElements_increaseKey_mid@5419f379]" name="initialize" is-config="true" duration-ms="0" started-at="2017-09-30T17:41:56Z" finished-at="2017-09-30T17:41:56Z">
          <reporter-output>
          </reporter-output>
        </test-method> <!-- initialize -->
        <test-method status="PASS" signature="testIncreaseHeapKey(int)[pri:0, instance:MaxHeapTest_12_tenElements_increaseKey_mid@5419f379]" name="testIncreaseHeapKey" duration-ms="0" started-at="2017-09-30T17:41:56Z" data-provider="validIndexes" finished-at="2017-09-30T17:41:56Z">
          <params>
            <param index="0">
              <value>
                <![CDATA[6]]>
              </value>
            </param>
          </params>
          <reporter-output>
          </reporter-output>
        </test-method> <!-- testIncreaseHeapKey -->
        <test-method status="PASS" signature="initialize()[pri:0, instance:MaxHeapTest_12_tenElements_increaseKey_mid@5419f379]" name="initialize" is-config="true" duration-ms="0" started-at="2017-09-30T17:41:56Z" finished-at="2017-09-30T17:41:56Z">
          <reporter-output>
          </reporter-output>
        </test-method> <!-- initialize -->
        <test-method status="PASS" signature="testIncreaseHeapKey(int)[pri:0, instance:MaxHeapTest_12_tenElements_increaseKey_mid@5419f379]" name="testIncreaseHeapKey" duration-ms="0" started-at="2017-09-30T17:41:56Z" data-provider="validIndexes" finished-at="2017-09-30T17:41:56Z">
          <params>
            <param index="0">
              <value>
                <![CDATA[8]]>
              </value>
            </param>
          </params>
          <reporter-output>
          </reporter-output>
        </test-method> <!-- testIncreaseHeapKey -->
        <test-method status="PASS" signature="initialize()[pri:0, instance:MaxHeapTest_12_tenElements_increaseKey_mid@5419f379]" name="initialize" is-config="true" duration-ms="0" started-at="2017-09-30T17:41:56Z" finished-at="2017-09-30T17:41:56Z">
          <reporter-output>
          </reporter-output>
        </test-method> <!-- initialize -->
        <test-method status="PASS" signature="testIncreaseHeapKey(int)[pri:0, instance:MaxHeapTest_12_tenElements_increaseKey_mid@5419f379]" name="testIncreaseHeapKey" duration-ms="0" started-at="2017-09-30T17:41:56Z" data-provider="validIndexes" finished-at="2017-09-30T17:41:56Z">
          <params>
            <param index="0">
              <value>
                <![CDATA[9]]>
              </value>
            </param>
          </params>
          <reporter-output>
          </reporter-output>
        </test-method> <!-- testIncreaseHeapKey -->
        <test-method status="PASS" signature="testIncreaseHeapKey(int)[pri:0, instance:MaxHeapTest_12_tenElements_increaseKey_mid@5419f379]" name="testIncreaseHeapKey" duration-ms="0" started-at="2017-09-30T17:41:56Z" data-provider="validIndexes" finished-at="2017-09-30T17:41:56Z">
          <params>
            <param index="0">
              <value>
                <![CDATA[10]]>
              </value>
            </param>
          </params>
          <reporter-output>
          </reporter-output>
        </test-method> <!-- testIncreaseHeapKey -->
        <test-method status="PASS" signature="initialize()[pri:0, instance:MaxHeapTest_12_tenElements_increaseKey_mid@5419f379]" name="initialize" is-config="true" duration-ms="1" started-at="2017-09-30T17:41:56Z" finished-at="2017-09-30T17:41:56Z">
          <reporter-output>
          </reporter-output>
        </test-method> <!-- initialize -->
        <test-method status="PASS" signature="initialize()[pri:0, instance:MaxHeapTest_12_tenElements_increaseKey_mid@5419f379]" name="initialize" is-config="true" duration-ms="0" started-at="2017-09-30T17:41:56Z" finished-at="2017-09-30T17:41:56Z">
          <reporter-output>
          </reporter-output>
        </test-method> <!-- initialize -->
        <test-method status="PASS" signature="testIsEmpty()[pri:0, instance:MaxHeapTest_12_tenElements_increaseKey_mid@5419f379]" name="testIsEmpty" duration-ms="0" started-at="2017-09-30T17:41:56Z" finished-at="2017-09-30T17:41:56Z">
          <reporter-output>
          </reporter-output>
        </test-method> <!-- testIsEmpty -->
        <test-method status="PASS" signature="initialize()[pri:0, instance:MaxHeapTest_12_tenElements_increaseKey_mid@5419f379]" name="initialize" is-config="true" duration-ms="0" started-at="2017-09-30T17:41:56Z" finished-at="2017-09-30T17:41:56Z">
          <reporter-output>
          </reporter-output>
        </test-method> <!-- initialize -->
        <test-method status="PASS" signature="testMaxHeapInsert()[pri:0, instance:MaxHeapTest_12_tenElements_increaseKey_mid@5419f379]" name="testMaxHeapInsert" duration-ms="0" started-at="2017-09-30T17:41:56Z" finished-at="2017-09-30T17:41:56Z">
          <reporter-output>
          </reporter-output>
        </test-method> <!-- testMaxHeapInsert -->
      </class> <!-- MaxHeapTest_12_tenElements_increaseKey_mid -->
      <class name="MaxHeapTest_5_fiveElements_insert">
        <test-method status="PASS" signature="testExtractHeapMax()[pri:0, instance:MaxHeapTest_5_fiveElements_insert@51081592]" name="testExtractHeapMax" duration-ms="0" started-at="2017-09-30T17:41:56Z" finished-at="2017-09-30T17:41:56Z">
          <reporter-output>
          </reporter-output>
        </test-method> <!-- testExtractHeapMax -->
        <test-method status="PASS" signature="initialize()[pri:0, instance:MaxHeapTest_5_fiveElements_insert@51081592]" name="initialize" is-config="true" duration-ms="0" started-at="2017-09-30T17:41:56Z" finished-at="2017-09-30T17:41:56Z">
          <reporter-output>
          </reporter-output>
        </test-method> <!-- initialize -->
        <test-method status="PASS" signature="testGetHeapSize()[pri:0, instance:MaxHeapTest_5_fiveElements_insert@51081592]" name="testGetHeapSize" duration-ms="0" started-at="2017-09-30T17:41:56Z" finished-at="2017-09-30T17:41:56Z">
          <reporter-output>
          </reporter-output>
        </test-method> <!-- testGetHeapSize -->
        <test-method status="PASS" signature="initialize()[pri:0, instance:MaxHeapTest_5_fiveElements_insert@51081592]" name="initialize" is-config="true" duration-ms="0" started-at="2017-09-30T17:41:56Z" finished-at="2017-09-30T17:41:56Z">
          <reporter-output>
          </reporter-output>
        </test-method> <!-- initialize -->
        <test-method status="PASS" signature="testHeapMax()[pri:0, instance:MaxHeapTest_5_fiveElements_insert@51081592]" name="testHeapMax" duration-ms="0" started-at="2017-09-30T17:41:56Z" finished-at="2017-09-30T17:41:56Z">
          <reporter-output>
          </reporter-output>
        </test-method> <!-- testHeapMax -->
        <test-method status="PASS" signature="initialize()[pri:0, instance:MaxHeapTest_5_fiveElements_insert@51081592]" name="initialize" is-config="true" duration-ms="0" started-at="2017-09-30T17:41:56Z" finished-at="2017-09-30T17:41:56Z">
          <reporter-output>
          </reporter-output>
        </test-method> <!-- initialize -->
        <test-method status="PASS" signature="initialize()[pri:0, instance:MaxHeapTest_5_fiveElements_insert@51081592]" name="initialize" is-config="true" duration-ms="0" started-at="2017-09-30T17:41:56Z" finished-at="2017-09-30T17:41:56Z">
          <reporter-output>
          </reporter-output>
        </test-method> <!-- initialize -->
        <test-method status="PASS" signature="testIncreaseHeapKey(int)[pri:0, instance:MaxHeapTest_5_fiveElements_insert@51081592]" name="testIncreaseHeapKey" duration-ms="1" started-at="2017-09-30T17:41:56Z" data-provider="validIndexes" finished-at="2017-09-30T17:41:56Z">
          <params>
            <param index="0">
              <value>
                <![CDATA[1]]>
              </value>
            </param>
          </params>
          <reporter-output>
          </reporter-output>
        </test-method> <!-- testIncreaseHeapKey -->
        <test-method status="PASS" signature="initialize()[pri:0, instance:MaxHeapTest_5_fiveElements_insert@51081592]" name="initialize" is-config="true" duration-ms="0" started-at="2017-09-30T17:41:56Z" finished-at="2017-09-30T17:41:56Z">
          <reporter-output>
          </reporter-output>
        </test-method> <!-- initialize -->
        <test-method status="PASS" signature="testIncreaseHeapKey(int)[pri:0, instance:MaxHeapTest_5_fiveElements_insert@51081592]" name="testIncreaseHeapKey" duration-ms="1" started-at="2017-09-30T17:41:56Z" data-provider="validIndexes" finished-at="2017-09-30T17:41:56Z">
          <params>
            <param index="0">
              <value>
                <![CDATA[2]]>
              </value>
            </param>
          </params>
          <reporter-output>
          </reporter-output>
        </test-method> <!-- testIncreaseHeapKey -->
        <test-method status="PASS" signature="testIncreaseHeapKey(int)[pri:0, instance:MaxHeapTest_5_fiveElements_insert@51081592]" name="testIncreaseHeapKey" duration-ms="1" started-at="2017-09-30T17:41:56Z" data-provider="validIndexes" finished-at="2017-09-30T17:41:56Z">
          <params>
            <param index="0">
              <value>
                <![CDATA[3]]>
              </value>
            </param>
          </params>
          <reporter-output>
          </reporter-output>
        </test-method> <!-- testIncreaseHeapKey -->
        <test-method status="PASS" signature="initialize()[pri:0, instance:MaxHeapTest_5_fiveElements_insert@51081592]" name="initialize" is-config="true" duration-ms="0" started-at="2017-09-30T17:41:56Z" finished-at="2017-09-30T17:41:56Z">
          <reporter-output>
          </reporter-output>
        </test-method> <!-- initialize -->
        <test-method status="PASS" signature="testIncreaseHeapKey(int)[pri:0, instance:MaxHeapTest_5_fiveElements_insert@51081592]" name="testIncreaseHeapKey" duration-ms="0" started-at="2017-09-30T17:41:56Z" data-provider="validIndexes" finished-at="2017-09-30T17:41:56Z">
          <params>
            <param index="0">
              <value>
                <![CDATA[4]]>
              </value>
            </param>
          </params>
          <reporter-output>
          </reporter-output>
        </test-method> <!-- testIncreaseHeapKey -->
        <test-method status="PASS" signature="initialize()[pri:0, instance:MaxHeapTest_5_fiveElements_insert@51081592]" name="initialize" is-config="true" duration-ms="0" started-at="2017-09-30T17:41:56Z" finished-at="2017-09-30T17:41:56Z">
          <reporter-output>
          </reporter-output>
        </test-method> <!-- initialize -->
        <test-method status="PASS" signature="initialize()[pri:0, instance:MaxHeapTest_5_fiveElements_insert@51081592]" name="initialize" is-config="true" duration-ms="0" started-at="2017-09-30T17:41:56Z" finished-at="2017-09-30T17:41:56Z">
          <reporter-output>
          </reporter-output>
        </test-method> <!-- initialize -->
        <test-method status="PASS" signature="testIncreaseHeapKey(int)[pri:0, instance:MaxHeapTest_5_fiveElements_insert@51081592]" name="testIncreaseHeapKey" duration-ms="0" started-at="2017-09-30T17:41:56Z" data-provider="validIndexes" finished-at="2017-09-30T17:41:56Z">
          <params>
            <param index="0">
              <value>
                <![CDATA[5]]>
              </value>
            </param>
          </params>
          <reporter-output>
          </reporter-output>
        </test-method> <!-- testIncreaseHeapKey -->
        <test-method status="PASS" signature="testIncreaseHeapKey(int)[pri:0, instance:MaxHeapTest_5_fiveElements_insert@51081592]" name="testIncreaseHeapKey" duration-ms="0" started-at="2017-09-30T17:41:56Z" data-provider="validIndexes" finished-at="2017-09-30T17:41:56Z">
          <params>
            <param index="0">
              <value>
                <![CDATA[6]]>
              </value>
            </param>
          </params>
          <reporter-output>
          </reporter-output>
        </test-method> <!-- testIncreaseHeapKey -->
        <test-method status="PASS" signature="initialize()[pri:0, instance:MaxHeapTest_5_fiveElements_insert@51081592]" name="initialize" is-config="true" duration-ms="0" started-at="2017-09-30T17:41:56Z" finished-at="2017-09-30T17:41:56Z">
          <reporter-output>
          </reporter-output>
        </test-method> <!-- initialize -->
        <test-method status="PASS" signature="initialize()[pri:0, instance:MaxHeapTest_5_fiveElements_insert@51081592]" name="initialize" is-config="true" duration-ms="0" started-at="2017-09-30T17:41:56Z" finished-at="2017-09-30T17:41:56Z">
          <reporter-output>
          </reporter-output>
        </test-method> <!-- initialize -->
        <test-method status="PASS" signature="initialize()[pri:0, instance:MaxHeapTest_5_fiveElements_insert@51081592]" name="initialize" is-config="true" duration-ms="1" started-at="2017-09-30T17:41:56Z" finished-at="2017-09-30T17:41:56Z">
          <reporter-output>
          </reporter-output>
        </test-method> <!-- initialize -->
        <test-method status="PASS" signature="testIsEmpty()[pri:0, instance:MaxHeapTest_5_fiveElements_insert@51081592]" name="testIsEmpty" duration-ms="0" started-at="2017-09-30T17:41:56Z" finished-at="2017-09-30T17:41:56Z">
          <reporter-output>
          </reporter-output>
        </test-method> <!-- testIsEmpty -->
        <test-method status="PASS" signature="testMaxHeapInsert()[pri:0, instance:MaxHeapTest_5_fiveElements_insert@51081592]" name="testMaxHeapInsert" duration-ms="0" started-at="2017-09-30T17:41:56Z" finished-at="2017-09-30T17:41:56Z">
          <reporter-output>
          </reporter-output>
        </test-method> <!-- testMaxHeapInsert -->
      </class> <!-- MaxHeapTest_5_fiveElements_insert -->
      <class name="MaxHeapTest_7_fiveElements_increaseKey_max">
        <test-method status="PASS" signature="testExtractHeapMax()[pri:0, instance:MaxHeapTest_7_fiveElements_increaseKey_max@9629756]" name="testExtractHeapMax" duration-ms="0" started-at="2017-09-30T17:41:56Z" finished-at="2017-09-30T17:41:56Z">
          <reporter-output>
          </reporter-output>
        </test-method> <!-- testExtractHeapMax -->
        <test-method status="PASS" signature="initialize()[pri:0, instance:MaxHeapTest_7_fiveElements_increaseKey_max@9629756]" name="initialize" is-config="true" duration-ms="0" started-at="2017-09-30T17:41:56Z" finished-at="2017-09-30T17:41:56Z">
          <reporter-output>
          </reporter-output>
        </test-method> <!-- initialize -->
        <test-method status="PASS" signature="initialize()[pri:0, instance:MaxHeapTest_7_fiveElements_increaseKey_max@9629756]" name="initialize" is-config="true" duration-ms="0" started-at="2017-09-30T17:41:56Z" finished-at="2017-09-30T17:41:56Z">
          <reporter-output>
          </reporter-output>
        </test-method> <!-- initialize -->
        <test-method status="PASS" signature="initialize()[pri:0, instance:MaxHeapTest_7_fiveElements_increaseKey_max@9629756]" name="initialize" is-config="true" duration-ms="0" started-at="2017-09-30T17:41:56Z" finished-at="2017-09-30T17:41:56Z">
          <reporter-output>
          </reporter-output>
        </test-method> <!-- initialize -->
        <test-method status="PASS" signature="testHeapMax()[pri:0, instance:MaxHeapTest_7_fiveElements_increaseKey_max@9629756]" name="testHeapMax" duration-ms="1" started-at="2017-09-30T17:41:56Z" finished-at="2017-09-30T17:41:56Z">
          <reporter-output>
          </reporter-output>
        </test-method> <!-- testHeapMax -->
        <test-method status="PASS" signature="testGetHeapSize()[pri:0, instance:MaxHeapTest_7_fiveElements_increaseKey_max@9629756]" name="testGetHeapSize" duration-ms="0" started-at="2017-09-30T17:41:56Z" finished-at="2017-09-30T17:41:56Z">
          <reporter-output>
          </reporter-output>
        </test-method> <!-- testGetHeapSize -->
        <test-method status="PASS" signature="initialize()[pri:0, instance:MaxHeapTest_7_fiveElements_increaseKey_max@9629756]" name="initialize" is-config="true" duration-ms="0" started-at="2017-09-30T17:41:56Z" finished-at="2017-09-30T17:41:56Z">
          <reporter-output>
          </reporter-output>
        </test-method> <!-- initialize -->
        <test-method status="PASS" signature="testIncreaseHeapKey(int)[pri:0, instance:MaxHeapTest_7_fiveElements_increaseKey_max@9629756]" name="testIncreaseHeapKey" duration-ms="1" started-at="2017-09-30T17:41:56Z" data-provider="validIndexes" finished-at="2017-09-30T17:41:56Z">
          <params>
            <param index="0">
              <value>
                <![CDATA[1]]>
              </value>
            </param>
          </params>
          <reporter-output>
          </reporter-output>
        </test-method> <!-- testIncreaseHeapKey -->
        <test-method status="PASS" signature="testIncreaseHeapKey(int)[pri:0, instance:MaxHeapTest_7_fiveElements_increaseKey_max@9629756]" name="testIncreaseHeapKey" duration-ms="0" started-at="2017-09-30T17:41:56Z" data-provider="validIndexes" finished-at="2017-09-30T17:41:56Z">
          <params>
            <param index="0">
              <value>
                <![CDATA[2]]>
              </value>
            </param>
          </params>
          <reporter-output>
          </reporter-output>
        </test-method> <!-- testIncreaseHeapKey -->
        <test-method status="PASS" signature="initialize()[pri:0, instance:MaxHeapTest_7_fiveElements_increaseKey_max@9629756]" name="initialize" is-config="true" duration-ms="0" started-at="2017-09-30T17:41:56Z" finished-at="2017-09-30T17:41:56Z">
          <reporter-output>
          </reporter-output>
        </test-method> <!-- initialize -->
        <test-method status="PASS" signature="initialize()[pri:0, instance:MaxHeapTest_7_fiveElements_increaseKey_max@9629756]" name="initialize" is-config="true" duration-ms="0" started-at="2017-09-30T17:41:56Z" finished-at="2017-09-30T17:41:56Z">
          <reporter-output>
          </reporter-output>
        </test-method> <!-- initialize -->
        <test-method status="PASS" signature="testIncreaseHeapKey(int)[pri:0, instance:MaxHeapTest_7_fiveElements_increaseKey_max@9629756]" name="testIncreaseHeapKey" duration-ms="0" started-at="2017-09-30T17:41:56Z" data-provider="validIndexes" finished-at="2017-09-30T17:41:56Z">
          <params>
            <param index="0">
              <value>
                <![CDATA[3]]>
              </value>
            </param>
          </params>
          <reporter-output>
          </reporter-output>
        </test-method> <!-- testIncreaseHeapKey -->
        <test-method status="PASS" signature="initialize()[pri:0, instance:MaxHeapTest_7_fiveElements_increaseKey_max@9629756]" name="initialize" is-config="true" duration-ms="0" started-at="2017-09-30T17:41:56Z" finished-at="2017-09-30T17:41:56Z">
          <reporter-output>
          </reporter-output>
        </test-method> <!-- initialize -->
        <test-method status="PASS" signature="testIncreaseHeapKey(int)[pri:0, instance:MaxHeapTest_7_fiveElements_increaseKey_max@9629756]" name="testIncreaseHeapKey" duration-ms="1" started-at="2017-09-30T17:41:56Z" data-provider="validIndexes" finished-at="2017-09-30T17:41:56Z">
          <params>
            <param index="0">
              <value>
                <![CDATA[5]]>
              </value>
            </param>
          </params>
          <reporter-output>
          </reporter-output>
        </test-method> <!-- testIncreaseHeapKey -->
        <test-method status="PASS" signature="initialize()[pri:0, instance:MaxHeapTest_7_fiveElements_increaseKey_max@9629756]" name="initialize" is-config="true" duration-ms="0" started-at="2017-09-30T17:41:56Z" finished-at="2017-09-30T17:41:56Z">
          <reporter-output>
          </reporter-output>
        </test-method> <!-- initialize -->
        <test-method status="PASS" signature="testIncreaseHeapKey(int)[pri:0, instance:MaxHeapTest_7_fiveElements_increaseKey_max@9629756]" name="testIncreaseHeapKey" duration-ms="0" started-at="2017-09-30T17:41:56Z" data-provider="validIndexes" finished-at="2017-09-30T17:41:56Z">
          <params>
            <param index="0">
              <value>
                <![CDATA[4]]>
              </value>
            </param>
          </params>
          <reporter-output>
          </reporter-output>
        </test-method> <!-- testIncreaseHeapKey -->
        <test-method status="PASS" signature="testIsEmpty()[pri:0, instance:MaxHeapTest_7_fiveElements_increaseKey_max@9629756]" name="testIsEmpty" duration-ms="0" started-at="2017-09-30T17:41:56Z" finished-at="2017-09-30T17:41:56Z">
          <reporter-output>
          </reporter-output>
        </test-method> <!-- testIsEmpty -->
        <test-method status="PASS" signature="initialize()[pri:0, instance:MaxHeapTest_7_fiveElements_increaseKey_max@9629756]" name="initialize" is-config="true" duration-ms="0" started-at="2017-09-30T17:41:56Z" finished-at="2017-09-30T17:41:56Z">
          <reporter-output>
          </reporter-output>
        </test-method> <!-- initialize -->
        <test-method status="PASS" signature="initialize()[pri:0, instance:MaxHeapTest_7_fiveElements_increaseKey_max@9629756]" name="initialize" is-config="true" duration-ms="0" started-at="2017-09-30T17:41:56Z" finished-at="2017-09-30T17:41:56Z">
          <reporter-output>
          </reporter-output>
        </test-method> <!-- initialize -->
        <test-method status="PASS" signature="testMaxHeapInsert()[pri:0, instance:MaxHeapTest_7_fiveElements_increaseKey_max@9629756]" name="testMaxHeapInsert" duration-ms="0" started-at="2017-09-30T17:41:56Z" finished-at="2017-09-30T17:41:56Z">
          <reporter-output>
          </reporter-output>
        </test-method> <!-- testMaxHeapInsert -->
      </class> <!-- MaxHeapTest_7_fiveElements_increaseKey_max -->
      <class name="MaxHeapTest_11_fiveElements_increaseKey_mid">
        <test-method status="PASS" signature="initialize()[pri:0, instance:MaxHeapTest_11_fiveElements_increaseKey_mid@4520ebad]" name="initialize" is-config="true" duration-ms="0" started-at="2017-09-30T17:41:56Z" finished-at="2017-09-30T17:41:56Z">
          <reporter-output>
          </reporter-output>
        </test-method> <!-- initialize -->
        <test-method status="PASS" signature="testExtractHeapMax()[pri:0, instance:MaxHeapTest_11_fiveElements_increaseKey_mid@4520ebad]" name="testExtractHeapMax" duration-ms="0" started-at="2017-09-30T17:41:56Z" finished-at="2017-09-30T17:41:56Z">
          <reporter-output>
          </reporter-output>
        </test-method> <!-- testExtractHeapMax -->
        <test-method status="PASS" signature="initialize()[pri:0, instance:MaxHeapTest_11_fiveElements_increaseKey_mid@4520ebad]" name="initialize" is-config="true" duration-ms="0" started-at="2017-09-30T17:41:56Z" finished-at="2017-09-30T17:41:56Z">
          <reporter-output>
          </reporter-output>
        </test-method> <!-- initialize -->
        <test-method status="PASS" signature="testGetHeapSize()[pri:0, instance:MaxHeapTest_11_fiveElements_increaseKey_mid@4520ebad]" name="testGetHeapSize" duration-ms="0" started-at="2017-09-30T17:41:56Z" finished-at="2017-09-30T17:41:56Z">
          <reporter-output>
          </reporter-output>
        </test-method> <!-- testGetHeapSize -->
        <test-method status="PASS" signature="initialize()[pri:0, instance:MaxHeapTest_11_fiveElements_increaseKey_mid@4520ebad]" name="initialize" is-config="true" duration-ms="1" started-at="2017-09-30T17:41:56Z" finished-at="2017-09-30T17:41:56Z">
          <reporter-output>
          </reporter-output>
        </test-method> <!-- initialize -->
        <test-method status="PASS" signature="initialize()[pri:0, instance:MaxHeapTest_11_fiveElements_increaseKey_mid@4520ebad]" name="initialize" is-config="true" duration-ms="0" started-at="2017-09-30T17:41:56Z" finished-at="2017-09-30T17:41:56Z">
          <reporter-output>
          </reporter-output>
        </test-method> <!-- initialize -->
        <test-method status="PASS" signature="testIncreaseHeapKey(int)[pri:0, instance:MaxHeapTest_11_fiveElements_increaseKey_mid@4520ebad]" name="testIncreaseHeapKey" duration-ms="0" started-at="2017-09-30T17:41:56Z" data-provider="validIndexes" finished-at="2017-09-30T17:41:56Z">
          <params>
            <param index="0">
              <value>
                <![CDATA[1]]>
              </value>
            </param>
          </params>
          <reporter-output>
          </reporter-output>
        </test-method> <!-- testIncreaseHeapKey -->
        <test-method status="PASS" signature="testHeapMax()[pri:0, instance:MaxHeapTest_11_fiveElements_increaseKey_mid@4520ebad]" name="testHeapMax" duration-ms="0" started-at="2017-09-30T17:41:56Z" finished-at="2017-09-30T17:41:56Z">
          <reporter-output>
          </reporter-output>
        </test-method> <!-- testHeapMax -->
        <test-method status="PASS" signature="testIncreaseHeapKey(int)[pri:0, instance:MaxHeapTest_11_fiveElements_increaseKey_mid@4520ebad]" name="testIncreaseHeapKey" duration-ms="0" started-at="2017-09-30T17:41:56Z" data-provider="validIndexes" finished-at="2017-09-30T17:41:56Z">
          <params>
            <param index="0">
              <value>
                <![CDATA[2]]>
              </value>
            </param>
          </params>
          <reporter-output>
          </reporter-output>
        </test-method> <!-- testIncreaseHeapKey -->
        <test-method status="PASS" signature="initialize()[pri:0, instance:MaxHeapTest_11_fiveElements_increaseKey_mid@4520ebad]" name="initialize" is-config="true" duration-ms="0" started-at="2017-09-30T17:41:56Z" finished-at="2017-09-30T17:41:56Z">
          <reporter-output>
          </reporter-output>
        </test-method> <!-- initialize -->
        <test-method status="PASS" signature="initialize()[pri:0, instance:MaxHeapTest_11_fiveElements_increaseKey_mid@4520ebad]" name="initialize" is-config="true" duration-ms="0" started-at="2017-09-30T17:41:56Z" finished-at="2017-09-30T17:41:56Z">
          <reporter-output>
          </reporter-output>
        </test-method> <!-- initialize -->
        <test-method status="PASS" signature="testIncreaseHeapKey(int)[pri:0, instance:MaxHeapTest_11_fiveElements_increaseKey_mid@4520ebad]" name="testIncreaseHeapKey" duration-ms="1" started-at="2017-09-30T17:41:56Z" data-provider="validIndexes" finished-at="2017-09-30T17:41:56Z">
          <params>
            <param index="0">
              <value>
                <![CDATA[3]]>
              </value>
            </param>
          </params>
          <reporter-output>
          </reporter-output>
        </test-method> <!-- testIncreaseHeapKey -->
        <test-method status="PASS" signature="testIncreaseHeapKey(int)[pri:0, instance:MaxHeapTest_11_fiveElements_increaseKey_mid@4520ebad]" name="testIncreaseHeapKey" duration-ms="0" started-at="2017-09-30T17:41:56Z" data-provider="validIndexes" finished-at="2017-09-30T17:41:56Z">
          <params>
            <param index="0">
              <value>
                <![CDATA[4]]>
              </value>
            </param>
          </params>
          <reporter-output>
          </reporter-output>
        </test-method> <!-- testIncreaseHeapKey -->
        <test-method status="PASS" signature="initialize()[pri:0, instance:MaxHeapTest_11_fiveElements_increaseKey_mid@4520ebad]" name="initialize" is-config="true" duration-ms="0" started-at="2017-09-30T17:41:56Z" finished-at="2017-09-30T17:41:56Z">
          <reporter-output>
          </reporter-output>
        </test-method> <!-- initialize -->
        <test-method status="PASS" signature="initialize()[pri:0, instance:MaxHeapTest_11_fiveElements_increaseKey_mid@4520ebad]" name="initialize" is-config="true" duration-ms="0" started-at="2017-09-30T17:41:56Z" finished-at="2017-09-30T17:41:56Z">
          <reporter-output>
          </reporter-output>
        </test-method> <!-- initialize -->
        <test-method status="PASS" signature="initialize()[pri:0, instance:MaxHeapTest_11_fiveElements_increaseKey_mid@4520ebad]" name="initialize" is-config="true" duration-ms="0" started-at="2017-09-30T17:41:56Z" finished-at="2017-09-30T17:41:56Z">
          <reporter-output>
          </reporter-output>
        </test-method> <!-- initialize -->
        <test-method status="PASS" signature="testIncreaseHeapKey(int)[pri:0, instance:MaxHeapTest_11_fiveElements_increaseKey_mid@4520ebad]" name="testIncreaseHeapKey" duration-ms="0" started-at="2017-09-30T17:41:56Z" data-provider="validIndexes" finished-at="2017-09-30T17:41:56Z">
          <params>
            <param index="0">
              <value>
                <![CDATA[5]]>
              </value>
            </param>
          </params>
          <reporter-output>
          </reporter-output>
        </test-method> <!-- testIncreaseHeapKey -->
        <test-method status="PASS" signature="testIsEmpty()[pri:0, instance:MaxHeapTest_11_fiveElements_increaseKey_mid@4520ebad]" name="testIsEmpty" duration-ms="0" started-at="2017-09-30T17:41:56Z" finished-at="2017-09-30T17:41:56Z">
          <reporter-output>
          </reporter-output>
        </test-method> <!-- testIsEmpty -->
        <test-method status="PASS" signature="initialize()[pri:0, instance:MaxHeapTest_11_fiveElements_increaseKey_mid@4520ebad]" name="initialize" is-config="true" duration-ms="0" started-at="2017-09-30T17:41:56Z" finished-at="2017-09-30T17:41:56Z">
          <reporter-output>
          </reporter-output>
        </test-method> <!-- initialize -->
        <test-method status="PASS" signature="testMaxHeapInsert()[pri:0, instance:MaxHeapTest_11_fiveElements_increaseKey_mid@4520ebad]" name="testMaxHeapInsert" duration-ms="0" started-at="2017-09-30T17:41:56Z" finished-at="2017-09-30T17:41:56Z">
          <reporter-output>
          </reporter-output>
        </test-method> <!-- testMaxHeapInsert -->
      </class> <!-- MaxHeapTest_11_fiveElements_increaseKey_mid -->
      <class name="MaxHeapTest_3_tenElements_extract">
        <test-method status="PASS" signature="initialize()[pri:0, instance:MaxHeapTest_3_tenElements_extract@5034c75a]" name="initialize" is-config="true" duration-ms="0" started-at="2017-09-30T17:41:56Z" finished-at="2017-09-30T17:41:56Z">
          <reporter-output>
          </reporter-output>
        </test-method> <!-- initialize -->
        <test-method status="PASS" signature="testExtractHeapMax()[pri:0, instance:MaxHeapTest_3_tenElements_extract@5034c75a]" name="testExtractHeapMax" duration-ms="0" started-at="2017-09-30T17:41:56Z" finished-at="2017-09-30T17:41:56Z">
          <reporter-output>
          </reporter-output>
        </test-method> <!-- testExtractHeapMax -->
        <test-method status="PASS" signature="initialize()[pri:0, instance:MaxHeapTest_3_tenElements_extract@5034c75a]" name="initialize" is-config="true" duration-ms="0" started-at="2017-09-30T17:41:56Z" finished-at="2017-09-30T17:41:56Z">
          <reporter-output>
          </reporter-output>
        </test-method> <!-- initialize -->
        <test-method status="PASS" signature="testGetHeapSize()[pri:0, instance:MaxHeapTest_3_tenElements_extract@5034c75a]" name="testGetHeapSize" duration-ms="1" started-at="2017-09-30T17:41:56Z" finished-at="2017-09-30T17:41:56Z">
          <reporter-output>
          </reporter-output>
        </test-method> <!-- testGetHeapSize -->
        <test-method status="PASS" signature="initialize()[pri:0, instance:MaxHeapTest_3_tenElements_extract@5034c75a]" name="initialize" is-config="true" duration-ms="0" started-at="2017-09-30T17:41:56Z" finished-at="2017-09-30T17:41:56Z">
          <reporter-output>
          </reporter-output>
        </test-method> <!-- initialize -->
        <test-method status="PASS" signature="testHeapMax()[pri:0, instance:MaxHeapTest_3_tenElements_extract@5034c75a]" name="testHeapMax" duration-ms="1" started-at="2017-09-30T17:41:56Z" finished-at="2017-09-30T17:41:56Z">
          <reporter-output>
          </reporter-output>
        </test-method> <!-- testHeapMax -->
        <test-method status="PASS" signature="testIncreaseHeapKey(int)[pri:0, instance:MaxHeapTest_3_tenElements_extract@5034c75a]" name="testIncreaseHeapKey" duration-ms="1" started-at="2017-09-30T17:41:56Z" data-provider="validIndexes" finished-at="2017-09-30T17:41:56Z">
          <params>
            <param index="0">
              <value>
                <![CDATA[1]]>
              </value>
            </param>
          </params>
          <reporter-output>
          </reporter-output>
        </test-method> <!-- testIncreaseHeapKey -->
        <test-method status="PASS" signature="initialize()[pri:0, instance:MaxHeapTest_3_tenElements_extract@5034c75a]" name="initialize" is-config="true" duration-ms="0" started-at="2017-09-30T17:41:56Z" finished-at="2017-09-30T17:41:56Z">
          <reporter-output>
          </reporter-output>
        </test-method> <!-- initialize -->
        <test-method status="PASS" signature="initialize()[pri:0, instance:MaxHeapTest_3_tenElements_extract@5034c75a]" name="initialize" is-config="true" duration-ms="0" started-at="2017-09-30T17:41:56Z" finished-at="2017-09-30T17:41:56Z">
          <reporter-output>
          </reporter-output>
        </test-method> <!-- initialize -->
        <test-method status="PASS" signature="testIncreaseHeapKey(int)[pri:0, instance:MaxHeapTest_3_tenElements_extract@5034c75a]" name="testIncreaseHeapKey" duration-ms="1" started-at="2017-09-30T17:41:56Z" data-provider="validIndexes" finished-at="2017-09-30T17:41:56Z">
          <params>
            <param index="0">
              <value>
                <![CDATA[2]]>
              </value>
            </param>
          </params>
          <reporter-output>
          </reporter-output>
        </test-method> <!-- testIncreaseHeapKey -->
        <test-method status="PASS" signature="initialize()[pri:0, instance:MaxHeapTest_3_tenElements_extract@5034c75a]" name="initialize" is-config="true" duration-ms="0" started-at="2017-09-30T17:41:56Z" finished-at="2017-09-30T17:41:56Z">
          <reporter-output>
          </reporter-output>
        </test-method> <!-- initialize -->
        <test-method status="PASS" signature="testIncreaseHeapKey(int)[pri:0, instance:MaxHeapTest_3_tenElements_extract@5034c75a]" name="testIncreaseHeapKey" duration-ms="0" started-at="2017-09-30T17:41:56Z" data-provider="validIndexes" finished-at="2017-09-30T17:41:56Z">
          <params>
            <param index="0">
              <value>
                <![CDATA[3]]>
              </value>
            </param>
          </params>
          <reporter-output>
          </reporter-output>
        </test-method> <!-- testIncreaseHeapKey -->
        <test-method status="PASS" signature="testIncreaseHeapKey(int)[pri:0, instance:MaxHeapTest_3_tenElements_extract@5034c75a]" name="testIncreaseHeapKey" duration-ms="1" started-at="2017-09-30T17:41:56Z" data-provider="validIndexes" finished-at="2017-09-30T17:41:56Z">
          <params>
            <param index="0">
              <value>
                <![CDATA[4]]>
              </value>
            </param>
          </params>
          <reporter-output>
          </reporter-output>
        </test-method> <!-- testIncreaseHeapKey -->
        <test-method status="PASS" signature="initialize()[pri:0, instance:MaxHeapTest_3_tenElements_extract@5034c75a]" name="initialize" is-config="true" duration-ms="0" started-at="2017-09-30T17:41:56Z" finished-at="2017-09-30T17:41:56Z">
          <reporter-output>
          </reporter-output>
        </test-method> <!-- initialize -->
        <test-method status="PASS" signature="testIncreaseHeapKey(int)[pri:0, instance:MaxHeapTest_3_tenElements_extract@5034c75a]" name="testIncreaseHeapKey" duration-ms="1" started-at="2017-09-30T17:41:56Z" data-provider="validIndexes" finished-at="2017-09-30T17:41:56Z">
          <params>
            <param index="0">
              <value>
                <![CDATA[5]]>
              </value>
            </param>
          </params>
          <reporter-output>
          </reporter-output>
        </test-method> <!-- testIncreaseHeapKey -->
        <test-method status="PASS" signature="initialize()[pri:0, instance:MaxHeapTest_3_tenElements_extract@5034c75a]" name="initialize" is-config="true" duration-ms="0" started-at="2017-09-30T17:41:56Z" finished-at="2017-09-30T17:41:56Z">
          <reporter-output>
          </reporter-output>
        </test-method> <!-- initialize -->
        <test-method status="PASS" signature="testIncreaseHeapKey(int)[pri:0, instance:MaxHeapTest_3_tenElements_extract@5034c75a]" name="testIncreaseHeapKey" duration-ms="1" started-at="2017-09-30T17:41:56Z" data-provider="validIndexes" finished-at="2017-09-30T17:41:56Z">
          <params>
            <param index="0">
              <value>
                <![CDATA[6]]>
              </value>
            </param>
          </params>
          <reporter-output>
          </reporter-output>
        </test-method> <!-- testIncreaseHeapKey -->
        <test-method status="PASS" signature="initialize()[pri:0, instance:MaxHeapTest_3_tenElements_extract@5034c75a]" name="initialize" is-config="true" duration-ms="0" started-at="2017-09-30T17:41:56Z" finished-at="2017-09-30T17:41:56Z">
          <reporter-output>
          </reporter-output>
        </test-method> <!-- initialize -->
        <test-method status="PASS" signature="initialize()[pri:0, instance:MaxHeapTest_3_tenElements_extract@5034c75a]" name="initialize" is-config="true" duration-ms="1" started-at="2017-09-30T17:41:56Z" finished-at="2017-09-30T17:41:56Z">
          <reporter-output>
          </reporter-output>
        </test-method> <!-- initialize -->
        <test-method status="PASS" signature="testIncreaseHeapKey(int)[pri:0, instance:MaxHeapTest_3_tenElements_extract@5034c75a]" name="testIncreaseHeapKey" duration-ms="0" started-at="2017-09-30T17:41:56Z" data-provider="validIndexes" finished-at="2017-09-30T17:41:56Z">
          <params>
            <param index="0">
              <value>
                <![CDATA[7]]>
              </value>
            </param>
          </params>
          <reporter-output>
          </reporter-output>
        </test-method> <!-- testIncreaseHeapKey -->
        <test-method status="PASS" signature="initialize()[pri:0, instance:MaxHeapTest_3_tenElements_extract@5034c75a]" name="initialize" is-config="true" duration-ms="0" started-at="2017-09-30T17:41:56Z" finished-at="2017-09-30T17:41:56Z">
          <reporter-output>
          </reporter-output>
        </test-method> <!-- initialize -->
        <test-method status="PASS" signature="testIncreaseHeapKey(int)[pri:0, instance:MaxHeapTest_3_tenElements_extract@5034c75a]" name="testIncreaseHeapKey" duration-ms="1" started-at="2017-09-30T17:41:56Z" data-provider="validIndexes" finished-at="2017-09-30T17:41:56Z">
          <params>
            <param index="0">
              <value>
                <![CDATA[8]]>
              </value>
            </param>
          </params>
          <reporter-output>
          </reporter-output>
        </test-method> <!-- testIncreaseHeapKey -->
        <test-method status="PASS" signature="initialize()[pri:0, instance:MaxHeapTest_3_tenElements_extract@5034c75a]" name="initialize" is-config="true" duration-ms="0" started-at="2017-09-30T17:41:56Z" finished-at="2017-09-30T17:41:56Z">
          <reporter-output>
          </reporter-output>
        </test-method> <!-- initialize -->
        <test-method status="PASS" signature="testIncreaseHeapKey(int)[pri:0, instance:MaxHeapTest_3_tenElements_extract@5034c75a]" name="testIncreaseHeapKey" duration-ms="1" started-at="2017-09-30T17:41:56Z" data-provider="validIndexes" finished-at="2017-09-30T17:41:56Z">
          <params>
            <param index="0">
              <value>
                <![CDATA[9]]>
              </value>
            </param>
          </params>
          <reporter-output>
          </reporter-output>
        </test-method> <!-- testIncreaseHeapKey -->
        <test-method status="PASS" signature="initialize()[pri:0, instance:MaxHeapTest_3_tenElements_extract@5034c75a]" name="initialize" is-config="true" duration-ms="0" started-at="2017-09-30T17:41:56Z" finished-at="2017-09-30T17:41:56Z">
          <reporter-output>
          </reporter-output>
        </test-method> <!-- initialize -->
        <test-method status="PASS" signature="testIsEmpty()[pri:0, instance:MaxHeapTest_3_tenElements_extract@5034c75a]" name="testIsEmpty" duration-ms="0" started-at="2017-09-30T17:41:56Z" finished-at="2017-09-30T17:41:56Z">
          <reporter-output>
          </reporter-output>
        </test-method> <!-- testIsEmpty -->
        <test-method status="PASS" signature="testMaxHeapInsert()[pri:0, instance:MaxHeapTest_3_tenElements_extract@5034c75a]" name="testMaxHeapInsert" duration-ms="1" started-at="2017-09-30T17:41:56Z" finished-at="2017-09-30T17:41:56Z">
          <reporter-output>
          </reporter-output>
        </test-method> <!-- testMaxHeapInsert -->
        <test-method status="PASS" signature="initialize()[pri:0, instance:MaxHeapTest_3_tenElements_extract@5034c75a]" name="initialize" is-config="true" duration-ms="0" started-at="2017-09-30T17:41:56Z" finished-at="2017-09-30T17:41:56Z">
          <reporter-output>
          </reporter-output>
        </test-method> <!-- initialize -->
      </class> <!-- MaxHeapTest_3_tenElements_extract -->
      <class name="MaxHeapTest_2_fiveElements_extract">
        <test-method status="PASS" signature="testExtractHeapMax()[pri:0, instance:MaxHeapTest_2_fiveElements_extract@51efea79]" name="testExtractHeapMax" duration-ms="1" started-at="2017-09-30T17:41:56Z" finished-at="2017-09-30T17:41:56Z">
          <reporter-output>
          </reporter-output>
        </test-method> <!-- testExtractHeapMax -->
        <test-method status="PASS" signature="initialize()[pri:0, instance:MaxHeapTest_2_fiveElements_extract@51efea79]" name="initialize" is-config="true" duration-ms="0" started-at="2017-09-30T17:41:56Z" finished-at="2017-09-30T17:41:56Z">
          <reporter-output>
          </reporter-output>
        </test-method> <!-- initialize -->
        <test-method status="PASS" signature="testGetHeapSize()[pri:0, instance:MaxHeapTest_2_fiveElements_extract@51efea79]" name="testGetHeapSize" duration-ms="1" started-at="2017-09-30T17:41:56Z" finished-at="2017-09-30T17:41:56Z">
          <reporter-output>
          </reporter-output>
        </test-method> <!-- testGetHeapSize -->
        <test-method status="PASS" signature="initialize()[pri:0, instance:MaxHeapTest_2_fiveElements_extract@51efea79]" name="initialize" is-config="true" duration-ms="0" started-at="2017-09-30T17:41:56Z" finished-at="2017-09-30T17:41:56Z">
          <reporter-output>
          </reporter-output>
        </test-method> <!-- initialize -->
        <test-method status="PASS" signature="initialize()[pri:0, instance:MaxHeapTest_2_fiveElements_extract@51efea79]" name="initialize" is-config="true" duration-ms="0" started-at="2017-09-30T17:41:56Z" finished-at="2017-09-30T17:41:56Z">
          <reporter-output>
          </reporter-output>
        </test-method> <!-- initialize -->
        <test-method status="PASS" signature="testHeapMax()[pri:0, instance:MaxHeapTest_2_fiveElements_extract@51efea79]" name="testHeapMax" duration-ms="1" started-at="2017-09-30T17:41:56Z" finished-at="2017-09-30T17:41:56Z">
          <reporter-output>
          </reporter-output>
        </test-method> <!-- testHeapMax -->
        <test-method status="PASS" signature="testIncreaseHeapKey(int)[pri:0, instance:MaxHeapTest_2_fiveElements_extract@51efea79]" name="testIncreaseHeapKey" duration-ms="1" started-at="2017-09-30T17:41:56Z" data-provider="validIndexes" finished-at="2017-09-30T17:41:56Z">
          <params>
            <param index="0">
              <value>
                <![CDATA[1]]>
              </value>
            </param>
          </params>
          <reporter-output>
          </reporter-output>
        </test-method> <!-- testIncreaseHeapKey -->
        <test-method status="PASS" signature="initialize()[pri:0, instance:MaxHeapTest_2_fiveElements_extract@51efea79]" name="initialize" is-config="true" duration-ms="0" started-at="2017-09-30T17:41:56Z" finished-at="2017-09-30T17:41:56Z">
          <reporter-output>
          </reporter-output>
        </test-method> <!-- initialize -->
        <test-method status="PASS" signature="testIncreaseHeapKey(int)[pri:0, instance:MaxHeapTest_2_fiveElements_extract@51efea79]" name="testIncreaseHeapKey" duration-ms="0" started-at="2017-09-30T17:41:56Z" data-provider="validIndexes" finished-at="2017-09-30T17:41:56Z">
          <params>
            <param index="0">
              <value>
                <![CDATA[2]]>
              </value>
            </param>
          </params>
          <reporter-output>
          </reporter-output>
        </test-method> <!-- testIncreaseHeapKey -->
        <test-method status="PASS" signature="initialize()[pri:0, instance:MaxHeapTest_2_fiveElements_extract@51efea79]" name="initialize" is-config="true" duration-ms="0" started-at="2017-09-30T17:41:56Z" finished-at="2017-09-30T17:41:56Z">
          <reporter-output>
          </reporter-output>
        </test-method> <!-- initialize -->
        <test-method status="PASS" signature="testIncreaseHeapKey(int)[pri:0, instance:MaxHeapTest_2_fiveElements_extract@51efea79]" name="testIncreaseHeapKey" duration-ms="1" started-at="2017-09-30T17:41:56Z" data-provider="validIndexes" finished-at="2017-09-30T17:41:56Z">
          <params>
            <param index="0">
              <value>
                <![CDATA[3]]>
              </value>
            </param>
          </params>
          <reporter-output>
          </reporter-output>
        </test-method> <!-- testIncreaseHeapKey -->
        <test-method status="PASS" signature="initialize()[pri:0, instance:MaxHeapTest_2_fiveElements_extract@51efea79]" name="initialize" is-config="true" duration-ms="0" started-at="2017-09-30T17:41:56Z" finished-at="2017-09-30T17:41:56Z">
          <reporter-output>
          </reporter-output>
        </test-method> <!-- initialize -->
        <test-method status="PASS" signature="initialize()[pri:0, instance:MaxHeapTest_2_fiveElements_extract@51efea79]" name="initialize" is-config="true" duration-ms="0" started-at="2017-09-30T17:41:56Z" finished-at="2017-09-30T17:41:56Z">
          <reporter-output>
          </reporter-output>
        </test-method> <!-- initialize -->
        <test-method status="PASS" signature="testIncreaseHeapKey(int)[pri:0, instance:MaxHeapTest_2_fiveElements_extract@51efea79]" name="testIncreaseHeapKey" duration-ms="1" started-at="2017-09-30T17:41:56Z" data-provider="validIndexes" finished-at="2017-09-30T17:41:56Z">
          <params>
            <param index="0">
              <value>
                <![CDATA[4]]>
              </value>
            </param>
          </params>
          <reporter-output>
          </reporter-output>
        </test-method> <!-- testIncreaseHeapKey -->
        <test-method status="PASS" signature="initialize()[pri:0, instance:MaxHeapTest_2_fiveElements_extract@51efea79]" name="initialize" is-config="true" duration-ms="0" started-at="2017-09-30T17:41:56Z" finished-at="2017-09-30T17:41:56Z">
          <reporter-output>
          </reporter-output>
        </test-method> <!-- initialize -->
        <test-method status="PASS" signature="testIsEmpty()[pri:0, instance:MaxHeapTest_2_fiveElements_extract@51efea79]" name="testIsEmpty" duration-ms="0" started-at="2017-09-30T17:41:56Z" finished-at="2017-09-30T17:41:56Z">
          <reporter-output>
          </reporter-output>
        </test-method> <!-- testIsEmpty -->
        <test-method status="PASS" signature="testMaxHeapInsert()[pri:0, instance:MaxHeapTest_2_fiveElements_extract@51efea79]" name="testMaxHeapInsert" duration-ms="0" started-at="2017-09-30T17:41:56Z" finished-at="2017-09-30T17:41:56Z">
          <reporter-output>
          </reporter-output>
        </test-method> <!-- testMaxHeapInsert -->
        <test-method status="PASS" signature="initialize()[pri:0, instance:MaxHeapTest_2_fiveElements_extract@51efea79]" name="initialize" is-config="true" duration-ms="0" started-at="2017-09-30T17:41:56Z" finished-at="2017-09-30T17:41:56Z">
          <reporter-output>
          </reporter-output>
        </test-method> <!-- initialize -->
      </class> <!-- MaxHeapTest_2_fiveElements_extract -->
      <class name="MaxHeapTest_1_oneElement_extract">
        <test-method status="PASS" signature="initialize()[pri:0, instance:MaxHeapTest_1_oneElement_extract@6d00a15d]" name="initialize" is-config="true" duration-ms="3" started-at="2017-09-30T17:41:56Z" finished-at="2017-09-30T17:41:56Z">
          <reporter-output>
          </reporter-output>
        </test-method> <!-- initialize -->
        <test-method status="PASS" signature="testGetHeapSize()[pri:0, instance:MaxHeapTest_1_oneElement_extract@6d00a15d]" name="testGetHeapSize" duration-ms="4" started-at="2017-09-30T17:41:56Z" finished-at="2017-09-30T17:41:56Z">
          <reporter-output>
          </reporter-output>
        </test-method> <!-- testGetHeapSize -->
        <test-method status="PASS" signature="initialize()[pri:0, instance:MaxHeapTest_1_oneElement_extract@6d00a15d]" name="initialize" is-config="true" duration-ms="1" started-at="2017-09-30T17:41:56Z" finished-at="2017-09-30T17:41:56Z">
          <reporter-output>
          </reporter-output>
        </test-method> <!-- initialize -->
        <test-method status="PASS" signature="testIsEmpty()[pri:0, instance:MaxHeapTest_1_oneElement_extract@6d00a15d]" name="testIsEmpty" duration-ms="0" started-at="2017-09-30T17:41:56Z" finished-at="2017-09-30T17:41:56Z">
          <reporter-output>
          </reporter-output>
        </test-method> <!-- testIsEmpty -->
        <test-method status="PASS" signature="testMaxHeapInsert()[pri:0, instance:MaxHeapTest_1_oneElement_extract@6d00a15d]" name="testMaxHeapInsert" duration-ms="1" started-at="2017-09-30T17:41:56Z" finished-at="2017-09-30T17:41:56Z">
          <reporter-output>
          </reporter-output>
        </test-method> <!-- testMaxHeapInsert -->
        <test-method status="PASS" signature="initialize()[pri:0, instance:MaxHeapTest_1_oneElement_extract@6d00a15d]" name="initialize" is-config="true" duration-ms="0" started-at="2017-09-30T17:41:56Z" finished-at="2017-09-30T17:41:56Z">
          <reporter-output>
          </reporter-output>
        </test-method> <!-- initialize -->
      </class> <!-- MaxHeapTest_1_oneElement_extract -->
      <class name="MaxHeapTest_10_tenElements_increaseKey_min">
        <test-method status="PASS" signature="initialize()[pri:0, instance:MaxHeapTest_10_tenElements_increaseKey_min@58651fd0]" name="initialize" is-config="true" duration-ms="0" started-at="2017-09-30T17:41:56Z" finished-at="2017-09-30T17:41:56Z">
          <reporter-output>
          </reporter-output>
        </test-method> <!-- initialize -->
        <test-method status="PASS" signature="testExtractHeapMax()[pri:0, instance:MaxHeapTest_10_tenElements_increaseKey_min@58651fd0]" name="testExtractHeapMax" duration-ms="0" started-at="2017-09-30T17:41:56Z" finished-at="2017-09-30T17:41:56Z">
          <reporter-output>
          </reporter-output>
        </test-method> <!-- testExtractHeapMax -->
        <test-method status="PASS" signature="testGetHeapSize()[pri:0, instance:MaxHeapTest_10_tenElements_increaseKey_min@58651fd0]" name="testGetHeapSize" duration-ms="1" started-at="2017-09-30T17:41:56Z" finished-at="2017-09-30T17:41:56Z">
          <reporter-output>
          </reporter-output>
        </test-method> <!-- testGetHeapSize -->
        <test-method status="PASS" signature="initialize()[pri:0, instance:MaxHeapTest_10_tenElements_increaseKey_min@58651fd0]" name="initialize" is-config="true" duration-ms="0" started-at="2017-09-30T17:41:56Z" finished-at="2017-09-30T17:41:56Z">
          <reporter-output>
          </reporter-output>
        </test-method> <!-- initialize -->
        <test-method status="PASS" signature="initialize()[pri:0, instance:MaxHeapTest_10_tenElements_increaseKey_min@58651fd0]" name="initialize" is-config="true" duration-ms="0" started-at="2017-09-30T17:41:56Z" finished-at="2017-09-30T17:41:56Z">
          <reporter-output>
          </reporter-output>
        </test-method> <!-- initialize -->
        <test-method status="PASS" signature="testHeapMax()[pri:0, instance:MaxHeapTest_10_tenElements_increaseKey_min@58651fd0]" name="testHeapMax" duration-ms="0" started-at="2017-09-30T17:41:56Z" finished-at="2017-09-30T17:41:56Z">
          <reporter-output>
          </reporter-output>
        </test-method> <!-- testHeapMax -->
        <test-method status="PASS" signature="testIncreaseHeapKey(int)[pri:0, instance:MaxHeapTest_10_tenElements_increaseKey_min@58651fd0]" name="testIncreaseHeapKey" duration-ms="0" started-at="2017-09-30T17:41:56Z" data-provider="validIndexes" finished-at="2017-09-30T17:41:56Z">
          <params>
            <param index="0">
              <value>
                <![CDATA[1]]>
              </value>
            </param>
          </params>
          <reporter-output>
          </reporter-output>
        </test-method> <!-- testIncreaseHeapKey -->
        <test-method status="PASS" signature="initialize()[pri:0, instance:MaxHeapTest_10_tenElements_increaseKey_min@58651fd0]" name="initialize" is-config="true" duration-ms="0" started-at="2017-09-30T17:41:56Z" finished-at="2017-09-30T17:41:56Z">
          <reporter-output>
          </reporter-output>
        </test-method> <!-- initialize -->
        <test-method status="PASS" signature="testIncreaseHeapKey(int)[pri:0, instance:MaxHeapTest_10_tenElements_increaseKey_min@58651fd0]" name="testIncreaseHeapKey" duration-ms="0" started-at="2017-09-30T17:41:56Z" data-provider="validIndexes" finished-at="2017-09-30T17:41:56Z">
          <params>
            <param index="0">
              <value>
                <![CDATA[2]]>
              </value>
            </param>
          </params>
          <reporter-output>
          </reporter-output>
        </test-method> <!-- testIncreaseHeapKey -->
        <test-method status="PASS" signature="initialize()[pri:0, instance:MaxHeapTest_10_tenElements_increaseKey_min@58651fd0]" name="initialize" is-config="true" duration-ms="0" started-at="2017-09-30T17:41:56Z" finished-at="2017-09-30T17:41:56Z">
          <reporter-output>
          </reporter-output>
        </test-method> <!-- initialize -->
        <test-method status="PASS" signature="testIncreaseHeapKey(int)[pri:0, instance:MaxHeapTest_10_tenElements_increaseKey_min@58651fd0]" name="testIncreaseHeapKey" duration-ms="1" started-at="2017-09-30T17:41:56Z" data-provider="validIndexes" finished-at="2017-09-30T17:41:56Z">
          <params>
            <param index="0">
              <value>
                <![CDATA[3]]>
              </value>
            </param>
          </params>
          <reporter-output>
          </reporter-output>
        </test-method> <!-- testIncreaseHeapKey -->
        <test-method status="PASS" signature="initialize()[pri:0, instance:MaxHeapTest_10_tenElements_increaseKey_min@58651fd0]" name="initialize" is-config="true" duration-ms="0" started-at="2017-09-30T17:41:56Z" finished-at="2017-09-30T17:41:56Z">
          <reporter-output>
          </reporter-output>
        </test-method> <!-- initialize -->
        <test-method status="PASS" signature="initialize()[pri:0, instance:MaxHeapTest_10_tenElements_increaseKey_min@58651fd0]" name="initialize" is-config="true" duration-ms="0" started-at="2017-09-30T17:41:56Z" finished-at="2017-09-30T17:41:56Z">
          <reporter-output>
          </reporter-output>
        </test-method> <!-- initialize -->
        <test-method status="PASS" signature="testIncreaseHeapKey(int)[pri:0, instance:MaxHeapTest_10_tenElements_increaseKey_min@58651fd0]" name="testIncreaseHeapKey" duration-ms="1" started-at="2017-09-30T17:41:56Z" data-provider="validIndexes" finished-at="2017-09-30T17:41:56Z">
          <params>
            <param index="0">
              <value>
                <![CDATA[5]]>
              </value>
            </param>
          </params>
          <reporter-output>
          </reporter-output>
        </test-method> <!-- testIncreaseHeapKey -->
        <test-method status="PASS" signature="testIncreaseHeapKey(int)[pri:0, instance:MaxHeapTest_10_tenElements_increaseKey_min@58651fd0]" name="testIncreaseHeapKey" duration-ms="0" started-at="2017-09-30T17:41:56Z" data-provider="validIndexes" finished-at="2017-09-30T17:41:56Z">
          <params>
            <param index="0">
              <value>
                <![CDATA[4]]>
              </value>
            </param>
          </params>
          <reporter-output>
          </reporter-output>
        </test-method> <!-- testIncreaseHeapKey -->
        <test-method status="PASS" signature="initialize()[pri:0, instance:MaxHeapTest_10_tenElements_increaseKey_min@58651fd0]" name="initialize" is-config="true" duration-ms="0" started-at="2017-09-30T17:41:56Z" finished-at="2017-09-30T17:41:56Z">
          <reporter-output>
          </reporter-output>
        </test-method> <!-- initialize -->
        <test-method status="PASS" signature="testIncreaseHeapKey(int)[pri:0, instance:MaxHeapTest_10_tenElements_increaseKey_min@58651fd0]" name="testIncreaseHeapKey" duration-ms="0" started-at="2017-09-30T17:41:56Z" data-provider="validIndexes" finished-at="2017-09-30T17:41:56Z">
          <params>
            <param index="0">
              <value>
                <![CDATA[6]]>
              </value>
            </param>
          </params>
          <reporter-output>
          </reporter-output>
        </test-method> <!-- testIncreaseHeapKey -->
        <test-method status="PASS" signature="initialize()[pri:0, instance:MaxHeapTest_10_tenElements_increaseKey_min@58651fd0]" name="initialize" is-config="true" duration-ms="0" started-at="2017-09-30T17:41:56Z" finished-at="2017-09-30T17:41:56Z">
          <reporter-output>
          </reporter-output>
        </test-method> <!-- initialize -->
        <test-method status="PASS" signature="initialize()[pri:0, instance:MaxHeapTest_10_tenElements_increaseKey_min@58651fd0]" name="initialize" is-config="true" duration-ms="1" started-at="2017-09-30T17:41:56Z" finished-at="2017-09-30T17:41:56Z">
          <reporter-output>
          </reporter-output>
        </test-method> <!-- initialize -->
        <test-method status="PASS" signature="testIncreaseHeapKey(int)[pri:0, instance:MaxHeapTest_10_tenElements_increaseKey_min@58651fd0]" name="testIncreaseHeapKey" duration-ms="0" started-at="2017-09-30T17:41:56Z" data-provider="validIndexes" finished-at="2017-09-30T17:41:56Z">
          <params>
            <param index="0">
              <value>
                <![CDATA[8]]>
              </value>
            </param>
          </params>
          <reporter-output>
          </reporter-output>
        </test-method> <!-- testIncreaseHeapKey -->
        <test-method status="PASS" signature="testIncreaseHeapKey(int)[pri:0, instance:MaxHeapTest_10_tenElements_increaseKey_min@58651fd0]" name="testIncreaseHeapKey" duration-ms="0" started-at="2017-09-30T17:41:56Z" data-provider="validIndexes" finished-at="2017-09-30T17:41:56Z">
          <params>
            <param index="0">
              <value>
                <![CDATA[7]]>
              </value>
            </param>
          </params>
          <reporter-output>
          </reporter-output>
        </test-method> <!-- testIncreaseHeapKey -->
        <test-method status="PASS" signature="initialize()[pri:0, instance:MaxHeapTest_10_tenElements_increaseKey_min@58651fd0]" name="initialize" is-config="true" duration-ms="0" started-at="2017-09-30T17:41:56Z" finished-at="2017-09-30T17:41:56Z">
          <reporter-output>
          </reporter-output>
        </test-method> <!-- initialize -->
        <test-method status="PASS" signature="testIncreaseHeapKey(int)[pri:0, instance:MaxHeapTest_10_tenElements_increaseKey_min@58651fd0]" name="testIncreaseHeapKey" duration-ms="0" started-at="2017-09-30T17:41:56Z" data-provider="validIndexes" finished-at="2017-09-30T17:41:56Z">
          <params>
            <param index="0">
              <value>
                <![CDATA[10]]>
              </value>
            </param>
          </params>
          <reporter-output>
          </reporter-output>
        </test-method> <!-- testIncreaseHeapKey -->
        <test-method status="PASS" signature="initialize()[pri:0, instance:MaxHeapTest_10_tenElements_increaseKey_min@58651fd0]" name="initialize" is-config="true" duration-ms="0" started-at="2017-09-30T17:41:56Z" finished-at="2017-09-30T17:41:56Z">
          <reporter-output>
          </reporter-output>
        </test-method> <!-- initialize -->
        <test-method status="PASS" signature="testIncreaseHeapKey(int)[pri:0, instance:MaxHeapTest_10_tenElements_increaseKey_min@58651fd0]" name="testIncreaseHeapKey" duration-ms="0" started-at="2017-09-30T17:41:56Z" data-provider="validIndexes" finished-at="2017-09-30T17:41:56Z">
          <params>
            <param index="0">
              <value>
                <![CDATA[9]]>
              </value>
            </param>
          </params>
          <reporter-output>
          </reporter-output>
        </test-method> <!-- testIncreaseHeapKey -->
        <test-method status="PASS" signature="initialize()[pri:0, instance:MaxHeapTest_10_tenElements_increaseKey_min@58651fd0]" name="initialize" is-config="true" duration-ms="0" started-at="2017-09-30T17:41:56Z" finished-at="2017-09-30T17:41:56Z">
          <reporter-output>
          </reporter-output>
        </test-method> <!-- initialize -->
        <test-method status="PASS" signature="testMaxHeapInsert()[pri:0, instance:MaxHeapTest_10_tenElements_increaseKey_min@58651fd0]" name="testMaxHeapInsert" duration-ms="1" started-at="2017-09-30T17:41:56Z" finished-at="2017-09-30T17:41:56Z">
          <reporter-output>
          </reporter-output>
        </test-method> <!-- testMaxHeapInsert -->
        <test-method status="PASS" signature="initialize()[pri:0, instance:MaxHeapTest_10_tenElements_increaseKey_min@58651fd0]" name="initialize" is-config="true" duration-ms="0" started-at="2017-09-30T17:41:56Z" finished-at="2017-09-30T17:41:56Z">
          <reporter-output>
          </reporter-output>
        </test-method> <!-- initialize -->
        <test-method status="PASS" signature="testIsEmpty()[pri:0, instance:MaxHeapTest_10_tenElements_increaseKey_min@58651fd0]" name="testIsEmpty" duration-ms="0" started-at="2017-09-30T17:41:56Z" finished-at="2017-09-30T17:41:56Z">
          <reporter-output>
          </reporter-output>
        </test-method> <!-- testIsEmpty -->
        <test-method status="PASS" signature="initialize()[pri:0, instance:MaxHeapTest_10_tenElements_increaseKey_min@58651fd0]" name="initialize" is-config="true" duration-ms="0" started-at="2017-09-30T17:41:56Z" finished-at="2017-09-30T17:41:56Z">
          <reporter-output>
          </reporter-output>
        </test-method> <!-- initialize -->
      </class> <!-- MaxHeapTest_10_tenElements_increaseKey_min -->
      <class name="MaxHeapTest_4_empty_insert">
        <test-method status="PASS" signature="testExtractHeapMax()[pri:0, instance:MaxHeapTest_4_empty_insert@396a51ab]" name="testExtractHeapMax" duration-ms="0" started-at="2017-09-30T17:41:56Z" finished-at="2017-09-30T17:41:56Z">
          <reporter-output>
          </reporter-output>
        </test-method> <!-- testExtractHeapMax -->
        <test-method status="PASS" signature="initialize()[pri:0, instance:MaxHeapTest_4_empty_insert@396a51ab]" name="initialize" is-config="true" duration-ms="0" started-at="2017-09-30T17:41:56Z" finished-at="2017-09-30T17:41:56Z">
          <reporter-output>
          </reporter-output>
        </test-method> <!-- initialize -->
        <test-method status="PASS" signature="testGetHeapSize()[pri:0, instance:MaxHeapTest_4_empty_insert@396a51ab]" name="testGetHeapSize" duration-ms="0" started-at="2017-09-30T17:41:56Z" finished-at="2017-09-30T17:41:56Z">
          <reporter-output>
          </reporter-output>
        </test-method> <!-- testGetHeapSize -->
        <test-method status="PASS" signature="initialize()[pri:0, instance:MaxHeapTest_4_empty_insert@396a51ab]" name="initialize" is-config="true" duration-ms="0" started-at="2017-09-30T17:41:56Z" finished-at="2017-09-30T17:41:56Z">
          <reporter-output>
          </reporter-output>
        </test-method> <!-- initialize -->
        <test-method status="PASS" signature="initialize()[pri:0, instance:MaxHeapTest_4_empty_insert@396a51ab]" name="initialize" is-config="true" duration-ms="0" started-at="2017-09-30T17:41:56Z" finished-at="2017-09-30T17:41:56Z">
          <reporter-output>
          </reporter-output>
        </test-method> <!-- initialize -->
        <test-method status="PASS" signature="testIncreaseHeapKey()[pri:0, instance:MaxHeapTest_4_empty_insert@396a51ab]" name="testIncreaseHeapKey" duration-ms="1" started-at="2017-09-30T17:41:56Z" finished-at="2017-09-30T17:41:56Z">
          <reporter-output>
          </reporter-output>
        </test-method> <!-- testIncreaseHeapKey -->
        <test-method status="PASS" signature="initialize()[pri:0, instance:MaxHeapTest_4_empty_insert@396a51ab]" name="initialize" is-config="true" duration-ms="0" started-at="2017-09-30T17:41:56Z" finished-at="2017-09-30T17:41:56Z">
          <reporter-output>
          </reporter-output>
        </test-method> <!-- initialize -->
        <test-method status="PASS" signature="testHeapMax()[pri:0, instance:MaxHeapTest_4_empty_insert@396a51ab]" name="testHeapMax" duration-ms="0" started-at="2017-09-30T17:41:56Z" finished-at="2017-09-30T17:41:56Z">
          <reporter-output>
          </reporter-output>
        </test-method> <!-- testHeapMax -->
        <test-method status="PASS" signature="testIsEmpty()[pri:0, instance:MaxHeapTest_4_empty_insert@396a51ab]" name="testIsEmpty" duration-ms="1" started-at="2017-09-30T17:41:56Z" finished-at="2017-09-30T17:41:56Z">
          <reporter-output>
          </reporter-output>
        </test-method> <!-- testIsEmpty -->
        <test-method status="PASS" signature="initialize()[pri:0, instance:MaxHeapTest_4_empty_insert@396a51ab]" name="initialize" is-config="true" duration-ms="0" started-at="2017-09-30T17:41:56Z" finished-at="2017-09-30T17:41:56Z">
          <reporter-output>
          </reporter-output>
        </test-method> <!-- initialize -->
        <test-method status="PASS" signature="testMaxHeapInsert()[pri:0, instance:MaxHeapTest_4_empty_insert@396a51ab]" name="testMaxHeapInsert" duration-ms="1" started-at="2017-09-30T17:41:56Z" finished-at="2017-09-30T17:41:56Z">
          <reporter-output>
          </reporter-output>
        </test-method> <!-- testMaxHeapInsert -->
        <test-method status="PASS" signature="initialize()[pri:0, instance:MaxHeapTest_4_empty_insert@396a51ab]" name="initialize" is-config="true" duration-ms="0" started-at="2017-09-30T17:41:56Z" finished-at="2017-09-30T17:41:56Z">
          <reporter-output>
          </reporter-output>
        </test-method> <!-- initialize -->
      </class> <!-- MaxHeapTest_4_empty_insert -->
      <class name="MaxHeapTest_9_fiveElements_increaseKey_min">
        <test-method status="PASS" signature="initialize()[pri:0, instance:MaxHeapTest_9_fiveElements_increaseKey_min@735b5592]" name="initialize" is-config="true" duration-ms="0" started-at="2017-09-30T17:41:56Z" finished-at="2017-09-30T17:41:56Z">
          <reporter-output>
          </reporter-output>
        </test-method> <!-- initialize -->
        <test-method status="PASS" signature="testExtractHeapMax()[pri:0, instance:MaxHeapTest_9_fiveElements_increaseKey_min@735b5592]" name="testExtractHeapMax" duration-ms="1" started-at="2017-09-30T17:41:56Z" finished-at="2017-09-30T17:41:56Z">
          <reporter-output>
          </reporter-output>
        </test-method> <!-- testExtractHeapMax -->
        <test-method status="PASS" signature="initialize()[pri:0, instance:MaxHeapTest_9_fiveElements_increaseKey_min@735b5592]" name="initialize" is-config="true" duration-ms="0" started-at="2017-09-30T17:41:56Z" finished-at="2017-09-30T17:41:56Z">
          <reporter-output>
          </reporter-output>
        </test-method> <!-- initialize -->
        <test-method status="PASS" signature="testGetHeapSize()[pri:0, instance:MaxHeapTest_9_fiveElements_increaseKey_min@735b5592]" name="testGetHeapSize" duration-ms="0" started-at="2017-09-30T17:41:56Z" finished-at="2017-09-30T17:41:56Z">
          <reporter-output>
          </reporter-output>
        </test-method> <!-- testGetHeapSize -->
        <test-method status="PASS" signature="testHeapMax()[pri:0, instance:MaxHeapTest_9_fiveElements_increaseKey_min@735b5592]" name="testHeapMax" duration-ms="0" started-at="2017-09-30T17:41:56Z" finished-at="2017-09-30T17:41:56Z">
          <reporter-output>
          </reporter-output>
        </test-method> <!-- testHeapMax -->
        <test-method status="PASS" signature="initialize()[pri:0, instance:MaxHeapTest_9_fiveElements_increaseKey_min@735b5592]" name="initialize" is-config="true" duration-ms="0" started-at="2017-09-30T17:41:56Z" finished-at="2017-09-30T17:41:56Z">
          <reporter-output>
          </reporter-output>
        </test-method> <!-- initialize -->
        <test-method status="PASS" signature="testIncreaseHeapKey(int)[pri:0, instance:MaxHeapTest_9_fiveElements_increaseKey_min@735b5592]" name="testIncreaseHeapKey" duration-ms="0" started-at="2017-09-30T17:41:56Z" data-provider="validIndexes" finished-at="2017-09-30T17:41:56Z">
          <params>
            <param index="0">
              <value>
                <![CDATA[1]]>
              </value>
            </param>
          </params>
          <reporter-output>
          </reporter-output>
        </test-method> <!-- testIncreaseHeapKey -->
        <test-method status="PASS" signature="testIncreaseHeapKey(int)[pri:0, instance:MaxHeapTest_9_fiveElements_increaseKey_min@735b5592]" name="testIncreaseHeapKey" duration-ms="0" started-at="2017-09-30T17:41:56Z" data-provider="validIndexes" finished-at="2017-09-30T17:41:56Z">
          <params>
            <param index="0">
              <value>
                <![CDATA[2]]>
              </value>
            </param>
          </params>
          <reporter-output>
          </reporter-output>
        </test-method> <!-- testIncreaseHeapKey -->
        <test-method status="PASS" signature="initialize()[pri:0, instance:MaxHeapTest_9_fiveElements_increaseKey_min@735b5592]" name="initialize" is-config="true" duration-ms="0" started-at="2017-09-30T17:41:56Z" finished-at="2017-09-30T17:41:56Z">
          <reporter-output>
          </reporter-output>
        </test-method> <!-- initialize -->
        <test-method status="PASS" signature="initialize()[pri:0, instance:MaxHeapTest_9_fiveElements_increaseKey_min@735b5592]" name="initialize" is-config="true" duration-ms="0" started-at="2017-09-30T17:41:56Z" finished-at="2017-09-30T17:41:56Z">
          <reporter-output>
          </reporter-output>
        </test-method> <!-- initialize -->
        <test-method status="PASS" signature="initialize()[pri:0, instance:MaxHeapTest_9_fiveElements_increaseKey_min@735b5592]" name="initialize" is-config="true" duration-ms="0" started-at="2017-09-30T17:41:56Z" finished-at="2017-09-30T17:41:56Z">
[...]
          <reporter-output>
          </reporter-output>
        </test-method> <!-- testExtractMax -->
        <test-method status="PASS" signature="testIncreaseKey(int)[pri:0, instance:PriorityQueueTest_7_fiveElements_increaseKey_max@3532ec19]" name="testIncreaseKey" duration-ms="0" started-at="2017-09-30T17:41:56Z" data-provider="validIndexes" finished-at="2017-09-30T17:41:56Z">
          <params>
            <param index="0">
              <value>
                <![CDATA[1]]>
              </value>
            </param>
          </params>
          <reporter-output>
          </reporter-output>
        </test-method> <!-- testIncreaseKey -->
        <test-method status="PASS" signature="testIncreaseKey(int)[pri:0, instance:PriorityQueueTest_7_fiveElements_increaseKey_max@3532ec19]" name="testIncreaseKey" duration-ms="0" started-at="2017-09-30T17:41:56Z" data-provider="validIndexes" finished-at="2017-09-30T17:41:56Z">
          <params>
            <param index="0">
              <value>
                <![CDATA[2]]>
              </value>
            </param>
          </params>
          <reporter-output>
          </reporter-output>
        </test-method> <!-- testIncreaseKey -->
        <test-method status="PASS" signature="initialize()[pri:0, instance:PriorityQueueTest_7_fiveElements_increaseKey_max@3532ec19]" name="initialize" is-config="true" duration-ms="0" started-at="2017-09-30T17:41:56Z" finished-at="2017-09-30T17:41:56Z">
          <reporter-output>
          </reporter-output>
        </test-method> <!-- initialize -->
        <test-method status="PASS" signature="initialize()[pri:0, instance:PriorityQueueTest_7_fiveElements_increaseKey_max@3532ec19]" name="initialize" is-config="true" duration-ms="0" started-at="2017-09-30T17:41:56Z" finished-at="2017-09-30T17:41:56Z">
          <reporter-output>
          </reporter-output>
        </test-method> <!-- initialize -->
        <test-method status="PASS" signature="testIncreaseKey(int)[pri:0, instance:PriorityQueueTest_7_fiveElements_increaseKey_max@3532ec19]" name="testIncreaseKey" duration-ms="0" started-at="2017-09-30T17:41:56Z" data-provider="validIndexes" finished-at="2017-09-30T17:41:56Z">
          <params>
            <param index="0">
              <value>
                <![CDATA[4]]>
              </value>
            </param>
          </params>
          <reporter-output>
          </reporter-output>
        </test-method> <!-- testIncreaseKey -->
        <test-method status="PASS" signature="initialize()[pri:0, instance:PriorityQueueTest_7_fiveElements_increaseKey_max@3532ec19]" name="initialize" is-config="true" duration-ms="0" started-at="2017-09-30T17:41:56Z" finished-at="2017-09-30T17:41:56Z">
          <reporter-output>
          </reporter-output>
        </test-method> <!-- initialize -->
        <test-method status="PASS" signature="testIncreaseKey(int)[pri:0, instance:PriorityQueueTest_7_fiveElements_increaseKey_max@3532ec19]" name="testIncreaseKey" duration-ms="0" started-at="2017-09-30T17:41:56Z" data-provider="validIndexes" finished-at="2017-09-30T17:41:56Z">
          <params>
            <param index="0">
              <value>
                <![CDATA[3]]>
              </value>
            </param>
          </params>
          <reporter-output>
          </reporter-output>
        </test-method> <!-- testIncreaseKey -->
        <test-method status="PASS" signature="initialize()[pri:0, instance:PriorityQueueTest_7_fiveElements_increaseKey_max@3532ec19]" name="initialize" is-config="true" duration-ms="0" started-at="2017-09-30T17:41:56Z" finished-at="2017-09-30T17:41:56Z">
          <reporter-output>
          </reporter-output>
        </test-method> <!-- initialize -->
        <test-method status="PASS" signature="testInsert()[pri:0, instance:PriorityQueueTest_7_fiveElements_increaseKey_max@3532ec19]" name="testInsert" duration-ms="0" started-at="2017-09-30T17:41:56Z" finished-at="2017-09-30T17:41:56Z">
          <reporter-output>
          </reporter-output>
        </test-method> <!-- testInsert -->
        <test-method status="PASS" signature="testIncreaseKey(int)[pri:0, instance:PriorityQueueTest_7_fiveElements_increaseKey_max@3532ec19]" name="testIncreaseKey" duration-ms="0" started-at="2017-09-30T17:41:56Z" data-provider="validIndexes" finished-at="2017-09-30T17:41:56Z">
          <params>
            <param index="0">
              <value>
                <![CDATA[5]]>
              </value>
            </param>
          </params>
          <reporter-output>
          </reporter-output>
        </test-method> <!-- testIncreaseKey -->
        <test-method status="PASS" signature="initialize()[pri:0, instance:PriorityQueueTest_7_fiveElements_increaseKey_max@3532ec19]" name="initialize" is-config="true" duration-ms="0" started-at="2017-09-30T17:41:56Z" finished-at="2017-09-30T17:41:56Z">
          <reporter-output>
          </reporter-output>
        </test-method> <!-- initialize -->
        <test-method status="PASS" signature="testMaximum()[pri:0, instance:PriorityQueueTest_7_fiveElements_increaseKey_max@3532ec19]" name="testMaximum" duration-ms="1" started-at="2017-09-30T17:41:56Z" finished-at="2017-09-30T17:41:56Z">
          <reporter-output>
          </reporter-output>
        </test-method> <!-- testMaximum -->
        <test-method status="PASS" signature="initialize()[pri:0, instance:PriorityQueueTest_7_fiveElements_increaseKey_max@3532ec19]" name="initialize" is-config="true" duration-ms="0" started-at="2017-09-30T17:41:56Z" finished-at="2017-09-30T17:41:56Z">
          <reporter-output>
          </reporter-output>
        </test-method> <!-- initialize -->
        <test-method status="PASS" signature="testIsEmpty()[pri:0, instance:PriorityQueueTest_7_fiveElements_increaseKey_max@3532ec19]" name="testIsEmpty" duration-ms="0" started-at="2017-09-30T17:41:56Z" finished-at="2017-09-30T17:41:56Z">
          <reporter-output>
          </reporter-output>
        </test-method> <!-- testIsEmpty -->
        <test-method status="PASS" signature="initialize()[pri:0, instance:PriorityQueueTest_7_fiveElements_increaseKey_max@3532ec19]" name="initialize" is-config="true" duration-ms="0" started-at="2017-09-30T17:41:56Z" finished-at="2017-09-30T17:41:56Z">
          <reporter-output>
          </reporter-output>
        </test-method> <!-- initialize -->
        <test-method status="PASS" signature="testSize()[pri:0, instance:PriorityQueueTest_7_fiveElements_increaseKey_max@3532ec19]" name="testSize" duration-ms="0" started-at="2017-09-30T17:41:56Z" finished-at="2017-09-30T17:41:56Z">
          <reporter-output>
          </reporter-output>
        </test-method> <!-- testSize -->
        <test-method status="PASS" signature="initialize()[pri:0, instance:PriorityQueueTest_7_fiveElements_increaseKey_max@3532ec19]" name="initialize" is-config="true" duration-ms="0" started-at="2017-09-30T17:41:56Z" finished-at="2017-09-30T17:41:56Z">
          <reporter-output>
          </reporter-output>
        </test-method> <!-- initialize -->
      </class> <!-- PriorityQueueTest_7_fiveElements_increaseKey_max -->
      <class name="PriorityQueueTest_10_tenElements_increaseKey_min">
        <test-method status="PASS" signature="initialize()[pri:0, instance:PriorityQueueTest_10_tenElements_increaseKey_min@59f99ea]" name="initialize" is-config="true" duration-ms="1" started-at="2017-09-30T17:41:56Z" finished-at="2017-09-30T17:41:56Z">
          <reporter-output>
          </reporter-output>
        </test-method> <!-- initialize -->
        <test-method status="PASS" signature="testExtractMax()[pri:0, instance:PriorityQueueTest_10_tenElements_increaseKey_min@59f99ea]" name="testExtractMax" duration-ms="0" started-at="2017-09-30T17:41:56Z" finished-at="2017-09-30T17:41:56Z">
          <reporter-output>
          </reporter-output>
        </test-method> <!-- testExtractMax -->
        <test-method status="PASS" signature="initialize()[pri:0, instance:PriorityQueueTest_10_tenElements_increaseKey_min@59f99ea]" name="initialize" is-config="true" duration-ms="0" started-at="2017-09-30T17:41:56Z" finished-at="2017-09-30T17:41:56Z">
          <reporter-output>
          </reporter-output>
        </test-method> <!-- initialize -->
        <test-method status="PASS" signature="initialize()[pri:0, instance:PriorityQueueTest_10_tenElements_increaseKey_min@59f99ea]" name="initialize" is-config="true" duration-ms="0" started-at="2017-09-30T17:41:56Z" finished-at="2017-09-30T17:41:56Z">
          <reporter-output>
          </reporter-output>
        </test-method> <!-- initialize -->
        <test-method status="PASS" signature="testIncreaseKey(int)[pri:0, instance:PriorityQueueTest_10_tenElements_increaseKey_min@59f99ea]" name="testIncreaseKey" duration-ms="0" started-at="2017-09-30T17:41:56Z" data-provider="validIndexes" finished-at="2017-09-30T17:41:56Z">
          <params>
            <param index="0">
              <value>
                <![CDATA[1]]>
              </value>
            </param>
          </params>
          <reporter-output>
          </reporter-output>
        </test-method> <!-- testIncreaseKey -->
        <test-method status="PASS" signature="testIncreaseKey(int)[pri:0, instance:PriorityQueueTest_10_tenElements_increaseKey_min@59f99ea]" name="testIncreaseKey" duration-ms="0" started-at="2017-09-30T17:41:56Z" data-provider="validIndexes" finished-at="2017-09-30T17:41:56Z">
          <params>
            <param index="0">
              <value>
                <![CDATA[2]]>
              </value>
            </param>
          </params>
          <reporter-output>
          </reporter-output>
        </test-method> <!-- testIncreaseKey -->
        <test-method status="PASS" signature="testIncreaseKey(int)[pri:0, instance:PriorityQueueTest_10_tenElements_increaseKey_min@59f99ea]" name="testIncreaseKey" duration-ms="1" started-at="2017-09-30T17:41:56Z" data-provider="validIndexes" finished-at="2017-09-30T17:41:56Z">
          <params>
            <param index="0">
              <value>
                <![CDATA[4]]>
              </value>
            </param>
          </params>
          <reporter-output>
          </reporter-output>
        </test-method> <!-- testIncreaseKey -->
        <test-method status="PASS" signature="initialize()[pri:0, instance:PriorityQueueTest_10_tenElements_increaseKey_min@59f99ea]" name="initialize" is-config="true" duration-ms="0" started-at="2017-09-30T17:41:56Z" finished-at="2017-09-30T17:41:56Z">
          <reporter-output>
          </reporter-output>
        </test-method> <!-- initialize -->
        <test-method status="PASS" signature="initialize()[pri:0, instance:PriorityQueueTest_10_tenElements_increaseKey_min@59f99ea]" name="initialize" is-config="true" duration-ms="0" started-at="2017-09-30T17:41:56Z" finished-at="2017-09-30T17:41:56Z">
          <reporter-output>
          </reporter-output>
        </test-method> <!-- initialize -->
        <test-method status="PASS" signature="testIncreaseKey(int)[pri:0, instance:PriorityQueueTest_10_tenElements_increaseKey_min@59f99ea]" name="testIncreaseKey" duration-ms="0" started-at="2017-09-30T17:41:56Z" data-provider="validIndexes" finished-at="2017-09-30T17:41:56Z">
          <params>
            <param index="0">
              <value>
                <![CDATA[3]]>
              </value>
            </param>
          </params>
          <reporter-output>
          </reporter-output>
        </test-method> <!-- testIncreaseKey -->
        <test-method status="PASS" signature="initialize()[pri:0, instance:PriorityQueueTest_10_tenElements_increaseKey_min@59f99ea]" name="initialize" is-config="true" duration-ms="0" started-at="2017-09-30T17:41:56Z" finished-at="2017-09-30T17:41:56Z">
          <reporter-output>
          </reporter-output>
        </test-method> <!-- initialize -->
        <test-method status="PASS" signature="initialize()[pri:0, instance:PriorityQueueTest_10_tenElements_increaseKey_min@59f99ea]" name="initialize" is-config="true" duration-ms="0" started-at="2017-09-30T17:41:56Z" finished-at="2017-09-30T17:41:56Z">
          <reporter-output>
          </reporter-output>
        </test-method> <!-- initialize -->
        <test-method status="PASS" signature="testIncreaseKey(int)[pri:0, instance:PriorityQueueTest_10_tenElements_increaseKey_min@59f99ea]" name="testIncreaseKey" duration-ms="0" started-at="2017-09-30T17:41:56Z" data-provider="validIndexes" finished-at="2017-09-30T17:41:56Z">
          <params>
            <param index="0">
              <value>
                <![CDATA[6]]>
              </value>
            </param>
          </params>
          <reporter-output>
          </reporter-output>
        </test-method> <!-- testIncreaseKey -->
        <test-method status="PASS" signature="testIncreaseKey(int)[pri:0, instance:PriorityQueueTest_10_tenElements_increaseKey_min@59f99ea]" name="testIncreaseKey" duration-ms="0" started-at="2017-09-30T17:41:56Z" data-provider="validIndexes" finished-at="2017-09-30T17:41:56Z">
          <params>
            <param index="0">
              <value>
                <![CDATA[5]]>
              </value>
            </param>
          </params>
          <reporter-output>
          </reporter-output>
        </test-method> <!-- testIncreaseKey -->
        <test-method status="PASS" signature="testIncreaseKey(int)[pri:0, instance:PriorityQueueTest_10_tenElements_increaseKey_min@59f99ea]" name="testIncreaseKey" duration-ms="0" started-at="2017-09-30T17:41:56Z" data-provider="validIndexes" finished-at="2017-09-30T17:41:56Z">
          <params>
            <param index="0">
              <value>
                <![CDATA[8]]>
              </value>
            </param>
          </params>
          <reporter-output>
          </reporter-output>
        </test-method> <!-- testIncreaseKey -->
        <test-method status="PASS" signature="initialize()[pri:0, instance:PriorityQueueTest_10_tenElements_increaseKey_min@59f99ea]" name="initialize" is-config="true" duration-ms="0" started-at="2017-09-30T17:41:56Z" finished-at="2017-09-30T17:41:56Z">
          <reporter-output>
          </reporter-output>
        </test-method> <!-- initialize -->
        <test-method status="PASS" signature="initialize()[pri:0, instance:PriorityQueueTest_10_tenElements_increaseKey_min@59f99ea]" name="initialize" is-config="true" duration-ms="0" started-at="2017-09-30T17:41:56Z" finished-at="2017-09-30T17:41:56Z">
          <reporter-output>
          </reporter-output>
        </test-method> <!-- initialize -->
        <test-method status="PASS" signature="testIncreaseKey(int)[pri:0, instance:PriorityQueueTest_10_tenElements_increaseKey_min@59f99ea]" name="testIncreaseKey" duration-ms="0" started-at="2017-09-30T17:41:56Z" data-provider="validIndexes" finished-at="2017-09-30T17:41:56Z">
          <params>
            <param index="0">
              <value>
                <![CDATA[7]]>
              </value>
            </param>
          </params>
          <reporter-output>
          </reporter-output>
        </test-method> <!-- testIncreaseKey -->
        <test-method status="PASS" signature="initialize()[pri:0, instance:PriorityQueueTest_10_tenElements_increaseKey_min@59f99ea]" name="initialize" is-config="true" duration-ms="1" started-at="2017-09-30T17:41:56Z" finished-at="2017-09-30T17:41:56Z">
          <reporter-output>
          </reporter-output>
        </test-method> <!-- initialize -->
        <test-method status="PASS" signature="initialize()[pri:0, instance:PriorityQueueTest_10_tenElements_increaseKey_min@59f99ea]" name="initialize" is-config="true" duration-ms="0" started-at="2017-09-30T17:41:56Z" finished-at="2017-09-30T17:41:56Z">
          <reporter-output>
          </reporter-output>
        </test-method> <!-- initialize -->
        <test-method status="PASS" signature="testIncreaseKey(int)[pri:0, instance:PriorityQueueTest_10_tenElements_increaseKey_min@59f99ea]" name="testIncreaseKey" duration-ms="0" started-at="2017-09-30T17:41:56Z" data-provider="validIndexes" finished-at="2017-09-30T17:41:56Z">
          <params>
            <param index="0">
              <value>
                <![CDATA[10]]>
              </value>
            </param>
          </params>
          <reporter-output>
          </reporter-output>
        </test-method> <!-- testIncreaseKey -->
        <test-method status="PASS" signature="testIncreaseKey(int)[pri:0, instance:PriorityQueueTest_10_tenElements_increaseKey_min@59f99ea]" name="testIncreaseKey" duration-ms="0" started-at="2017-09-30T17:41:56Z" data-provider="validIndexes" finished-at="2017-09-30T17:41:56Z">
          <params>
            <param index="0">
              <value>
                <![CDATA[9]]>
              </value>
            </param>
          </params>
          <reporter-output>
          </reporter-output>
        </test-method> <!-- testIncreaseKey -->
        <test-method status="PASS" signature="initialize()[pri:0, instance:PriorityQueueTest_10_tenElements_increaseKey_min@59f99ea]" name="initialize" is-config="true" duration-ms="0" started-at="2017-09-30T17:41:56Z" finished-at="2017-09-30T17:41:56Z">
          <reporter-output>
          </reporter-output>
        </test-method> <!-- initialize -->
        <test-method status="PASS" signature="testInsert()[pri:0, instance:PriorityQueueTest_10_tenElements_increaseKey_min@59f99ea]" name="testInsert" duration-ms="1" started-at="2017-09-30T17:41:56Z" finished-at="2017-09-30T17:41:56Z">
          <reporter-output>
          </reporter-output>
        </test-method> <!-- testInsert -->
        <test-method status="PASS" signature="testMaximum()[pri:0, instance:PriorityQueueTest_10_tenElements_increaseKey_min@59f99ea]" name="testMaximum" duration-ms="1" started-at="2017-09-30T17:41:56Z" finished-at="2017-09-30T17:41:56Z">
          <reporter-output>
          </reporter-output>
        </test-method> <!-- testMaximum -->
        <test-method status="PASS" signature="initialize()[pri:0, instance:PriorityQueueTest_10_tenElements_increaseKey_min@59f99ea]" name="initialize" is-config="true" duration-ms="0" started-at="2017-09-30T17:41:56Z" finished-at="2017-09-30T17:41:56Z">
          <reporter-output>
          </reporter-output>
        </test-method> <!-- initialize -->
        <test-method status="PASS" signature="testIsEmpty()[pri:0, instance:PriorityQueueTest_10_tenElements_increaseKey_min@59f99ea]" name="testIsEmpty" duration-ms="0" started-at="2017-09-30T17:41:56Z" finished-at="2017-09-30T17:41:56Z">
          <reporter-output>
          </reporter-output>
        </test-method> <!-- testIsEmpty -->
        <test-method status="PASS" signature="initialize()[pri:0, instance:PriorityQueueTest_10_tenElements_increaseKey_min@59f99ea]" name="initialize" is-config="true" duration-ms="0" started-at="2017-09-30T17:41:56Z" finished-at="2017-09-30T17:41:56Z">
          <reporter-output>
          </reporter-output>
        </test-method> <!-- initialize -->
        <test-method status="PASS" signature="testSize()[pri:0, instance:PriorityQueueTest_10_tenElements_increaseKey_min@59f99ea]" name="testSize" duration-ms="0" started-at="2017-09-30T17:41:56Z" finished-at="2017-09-30T17:41:56Z">
          <reporter-output>
          </reporter-output>
        </test-method> <!-- testSize -->
        <test-method status="PASS" signature="initialize()[pri:0, instance:PriorityQueueTest_10_tenElements_increaseKey_min@59f99ea]" name="initialize" is-config="true" duration-ms="0" started-at="2017-09-30T17:41:56Z" finished-at="2017-09-30T17:41:56Z">
          <reporter-output>
          </reporter-output>
        </test-method> <!-- initialize -->
      </class> <!-- PriorityQueueTest_10_tenElements_increaseKey_min -->
    </test> <!-- Priority Queue Tests -->
  </suite> <!-- Priority Queue Testing Suite -->
</testng-results>
