<?xml version="1.0" encoding="UTF-8"?>
<!-- Generated by org.testng.reporters.JUnitXMLReporter -->
<testsuite hostname="onyxnode14.boisestate.edu" tests="134" failures="0" timestamp="29 Sep 2017 22:37:41 GMT" time="0.036" errors="0">
  <testcase name="testGetHeapSize" time="0.002" classname="MaxHeapTest_1_oneElement_extract"/>
  <testcase name="testIsEmpty" time="0.0" classname="MaxHeapTest_1_oneElement_extract"/>
  <testcase name="testMaxHeapInsert" time="0.0" classname="MaxHeapTest_1_oneElement_extract"/>
  <testcase name="testExtractHeapMax" time="0.0" classname="MaxHeapTest_2_fiveElements_extract"/>
  <testcase name="testGetHeapSize" time="0.0" classname="MaxHeapTest_2_fiveElements_extract"/>
  <testcase name="testHeapMax" time="0.0" classname="MaxHeapTest_2_fiveElements_extract"/>
  <testcase name="testIncreaseHeapKey" time="0.001" classname="MaxHeapTest_2_fiveElements_extract"/>
  <testcase name="testIncreaseHeapKey" time="0.0" classname="MaxHeapTest_2_fiveElements_extract"/>
  <testcase name="testIncreaseHeapKey" time="0.0" classname="MaxHeapTest_2_fiveElements_extract"/>
  <testcase name="testIncreaseHeapKey" time="0.0" classname="MaxHeapTest_2_fiveElements_extract"/>
  <testcase name="testIsEmpty" time="0.0" classname="MaxHeapTest_2_fiveElements_extract"/>
  <testcase name="testMaxHeapInsert" time="0.0" classname="MaxHeapTest_2_fiveElements_extract"/>
  <testcase name="testExtractHeapMax" time="0.0" classname="MaxHeapTest_3_tenElements_extract"/>
  <testcase name="testGetHeapSize" time="0.0" classname="MaxHeapTest_3_tenElements_extract"/>
  <testcase name="testHeapMax" time="0.0" classname="MaxHeapTest_3_tenElements_extract"/>
  <testcase name="testIncreaseHeapKey" time="0.0" classname="MaxHeapTest_3_tenElements_extract"/>
  <testcase name="testIncreaseHeapKey" time="0.0" classname="MaxHeapTest_3_tenElements_extract"/>
  <testcase name="testIncreaseHeapKey" time="0.0" classname="MaxHeapTest_3_tenElements_extract"/>
  <testcase name="testIncreaseHeapKey" time="0.0" classname="MaxHeapTest_3_tenElements_extract"/>
  <testcase name="testIncreaseHeapKey" time="0.0" classname="MaxHeapTest_3_tenElements_extract"/>
  <testcase name="testIncreaseHeapKey" time="0.0" classname="MaxHeapTest_3_tenElements_extract"/>
  <testcase name="testIncreaseHeapKey" time="0.0" classname="MaxHeapTest_3_tenElements_extract"/>
  <testcase name="testIncreaseHeapKey" time="0.0" classname="MaxHeapTest_3_tenElements_extract"/>
  <testcase name="testIncreaseHeapKey" time="0.0" classname="MaxHeapTest_3_tenElements_extract"/>
  <testcase name="testIsEmpty" time="0.0" classname="MaxHeapTest_3_tenElements_extract"/>
  <testcase name="testMaxHeapInsert" time="0.0" classname="MaxHeapTest_3_tenElements_extract"/>
  <testcase name="testExtractHeapMax" time="0.0" classname="MaxHeapTest_4_empty_insert"/>
  <testcase name="testGetHeapSize" time="0.0" classname="MaxHeapTest_4_empty_insert"/>
  <testcase name="testHeapMax" time="0.0" classname="MaxHeapTest_4_empty_insert"/>
  <testcase name="testIncreaseHeapKey" time="0.001" classname="MaxHeapTest_4_empty_insert"/>
  <testcase name="testIsEmpty" time="0.0" classname="MaxHeapTest_4_empty_insert"/>
  <testcase name="testMaxHeapInsert" time="0.0" classname="MaxHeapTest_4_empty_insert"/>
  <testcase name="testExtractHeapMax" time="0.0" classname="MaxHeapTest_5_fiveElements_insert"/>
  <testcase name="testGetHeapSize" time="0.0" classname="MaxHeapTest_5_fiveElements_insert"/>
  <testcase name="testHeapMax" time="0.0" classname="MaxHeapTest_5_fiveElements_insert"/>
  <testcase name="testIncreaseHeapKey" time="0.0" classname="MaxHeapTest_5_fiveElements_insert"/>
  <testcase name="testIncreaseHeapKey" time="0.0" classname="MaxHeapTest_5_fiveElements_insert"/>
  <testcase name="testIncreaseHeapKey" time="0.0" classname="MaxHeapTest_5_fiveElements_insert"/>
  <testcase name="testIncreaseHeapKey" time="0.0" classname="MaxHeapTest_5_fiveElements_insert"/>
  <testcase name="testIncreaseHeapKey" time="0.0" classname="MaxHeapTest_5_fiveElements_insert"/>
  <testcase name="testIncreaseHeapKey" time="0.0" classname="MaxHeapTest_5_fiveElements_insert"/>
  <testcase name="testIsEmpty" time="0.0" classname="MaxHeapTest_5_fiveElements_insert"/>
  <testcase name="testMaxHeapInsert" time="0.001" classname="MaxHeapTest_5_fiveElements_insert"/>
  <testcase name="testExtractHeapMax" time="0.0" classname="MaxHeapTest_6_tenElements_insert"/>
  <testcase name="testGetHeapSize" time="0.0" classname="MaxHeapTest_6_tenElements_insert"/>
  <testcase name="testHeapMax" time="0.0" classname="MaxHeapTest_6_tenElements_insert"/>
  <testcase name="testIncreaseHeapKey" time="0.0" classname="MaxHeapTest_6_tenElements_insert"/>
  <testcase name="testIncreaseHeapKey" time="0.0" classname="MaxHeapTest_6_tenElements_insert"/>
  <testcase name="testIncreaseHeapKey" time="0.001" classname="MaxHeapTest_6_tenElements_insert"/>
  <testcase name="testIncreaseHeapKey" time="0.0" classname="MaxHeapTest_6_tenElements_insert"/>
  <testcase name="testIncreaseHeapKey" time="0.0" classname="MaxHeapTest_6_tenElements_insert"/>
  <testcase name="testIncreaseHeapKey" time="0.0" classname="MaxHeapTest_6_tenElements_insert"/>
  <testcase name="testIncreaseHeapKey" time="0.0" classname="MaxHeapTest_6_tenElements_insert"/>
  <testcase name="testIncreaseHeapKey" time="0.0" classname="MaxHeapTest_6_tenElements_insert"/>
  <testcase name="testIncreaseHeapKey" time="0.0" classname="MaxHeapTest_6_tenElements_insert"/>
  <testcase name="testIncreaseHeapKey" time="0.0" classname="MaxHeapTest_6_tenElements_insert"/>
  <testcase name="testIncreaseHeapKey" time="0.0" classname="MaxHeapTest_6_tenElements_insert"/>
  <testcase name="testIsEmpty" time="0.001" classname="MaxHeapTest_6_tenElements_insert"/>
  <testcase name="testMaxHeapInsert" time="0.0" classname="MaxHeapTest_6_tenElements_insert"/>
  <testcase name="testExtractHeapMax" time="0.0" classname="MaxHeapTest_7_fiveElements_increaseKey_max"/>
  <testcase name="testGetHeapSize" time="0.0" classname="MaxHeapTest_7_fiveElements_increaseKey_max"/>
  <testcase name="testHeapMax" time="0.0" classname="MaxHeapTest_7_fiveElements_increaseKey_max"/>
  <testcase name="testIncreaseHeapKey" time="0.0" classname="MaxHeapTest_7_fiveElements_increaseKey_max"/>
  <testcase name="testIncreaseHeapKey" time="0.0" classname="MaxHeapTest_7_fiveElements_increaseKey_max"/>
  <testcase name="testIncreaseHeapKey" time="0.0" classname="MaxHeapTest_7_fiveElements_increaseKey_max"/>
  <testcase name="testIncreaseHeapKey" time="0.0" classname="MaxHeapTest_7_fiveElements_increaseKey_max"/>
  <testcase name="testIncreaseHeapKey" time="0.0" classname="MaxHeapTest_7_fiveElements_increaseKey_max"/>
  <testcase name="testIsEmpty" time="0.0" classname="MaxHeapTest_7_fiveElements_increaseKey_max"/>
  <testcase name="testMaxHeapInsert" time="0.0" classname="MaxHeapTest_7_fiveElements_increaseKey_max"/>
  <testcase name="testExtractHeapMax" time="0.0" classname="MaxHeapTest_8_tenElements_increaseKey_max"/>
  <testcase name="testGetHeapSize" time="0.0" classname="MaxHeapTest_8_tenElements_increaseKey_max"/>
  <testcase name="testHeapMax" time="0.0" classname="MaxHeapTest_8_tenElements_increaseKey_max"/>
  <testcase name="testIncreaseHeapKey" time="0.0" classname="MaxHeapTest_8_tenElements_increaseKey_max"/>
  <testcase name="testIncreaseHeapKey" time="0.0" classname="MaxHeapTest_8_tenElements_increaseKey_max"/>
  <testcase name="testIncreaseHeapKey" time="0.0" classname="MaxHeapTest_8_tenElements_increaseKey_max"/>
  <testcase name="testIncreaseHeapKey" time="0.0" classname="MaxHeapTest_8_tenElements_increaseKey_max"/>
  <testcase name="testIncreaseHeapKey" time="0.0" classname="MaxHeapTest_8_tenElements_increaseKey_max"/>
  <testcase name="testIncreaseHeapKey" time="0.0" classname="MaxHeapTest_8_tenElements_increaseKey_max"/>
  <testcase name="testIncreaseHeapKey" time="0.0" classname="MaxHeapTest_8_tenElements_increaseKey_max"/>
  <testcase name="testIncreaseHeapKey" time="0.0" classname="MaxHeapTest_8_tenElements_increaseKey_max"/>
  <testcase name="testIncreaseHeapKey" time="0.0" classname="MaxHeapTest_8_tenElements_increaseKey_max"/>
  <testcase name="testIncreaseHeapKey" time="0.0" classname="MaxHeapTest_8_tenElements_increaseKey_max"/>
  <testcase name="testIsEmpty" time="0.0" classname="MaxHeapTest_8_tenElements_increaseKey_max"/>
  <testcase name="testMaxHeapInsert" time="0.0" classname="MaxHeapTest_8_tenElements_increaseKey_max"/>
  <testcase name="testExtractHeapMax" time="0.0" classname="MaxHeapTest_9_fiveElements_increaseKey_min"/>
  <testcase name="testGetHeapSize" time="0.0" classname="MaxHeapTest_9_fiveElements_increaseKey_min"/>
  <testcase name="testHeapMax" time="0.0" classname="MaxHeapTest_9_fiveElements_increaseKey_min"/>
  <testcase name="testIncreaseHeapKey" time="0.0" classname="MaxHeapTest_9_fiveElements_increaseKey_min"/>
  <testcase name="testIncreaseHeapKey" time="0.0" classname="MaxHeapTest_9_fiveElements_increaseKey_min"/>
  <testcase name="testIncreaseHeapKey" time="0.0" classname="MaxHeapTest_9_fiveElements_increaseKey_min"/>
  <testcase name="testIncreaseHeapKey" time="0.0" classname="MaxHeapTest_9_fiveElements_increaseKey_min"/>
  <testcase name="testIncreaseHeapKey" time="0.0" classname="MaxHeapTest_9_fiveElements_increaseKey_min"/>
  <testcase name="testIsEmpty" time="0.0" classname="MaxHeapTest_9_fiveElements_increaseKey_min"/>
  <testcase name="testMaxHeapInsert" time="0.0" classname="MaxHeapTest_9_fiveElements_increaseKey_min"/>
  <testcase name="testExtractHeapMax" time="0.001" classname="MaxHeapTest_10_tenElements_increaseKey_min"/>
  <testcase name="testGetHeapSize" time="0.0" classname="MaxHeapTest_10_tenElements_increaseKey_min"/>
  <testcase name="testHeapMax" time="0.0" classname="MaxHeapTest_10_tenElements_increaseKey_min"/>
  <testcase name="testIncreaseHeapKey" time="0.0" classname="MaxHeapTest_10_tenElements_increaseKey_min"/>
  <testcase name="testIncreaseHeapKey" time="0.0" classname="MaxHeapTest_10_tenElements_increaseKey_min"/>
  <testcase name="testIncreaseHeapKey" time="0.0" classname="MaxHeapTest_10_tenElements_increaseKey_min"/>
  <testcase name="testIncreaseHeapKey" time="0.0" classname="MaxHeapTest_10_tenElements_increaseKey_min"/>
  <testcase name="testIncreaseHeapKey" time="0.0" classname="MaxHeapTest_10_tenElements_increaseKey_min"/>
  <testcase name="testIncreaseHeapKey" time="0.0" classname="MaxHeapTest_10_tenElements_increaseKey_min"/>
  <testcase name="testIncreaseHeapKey" time="0.0" classname="MaxHeapTest_10_tenElements_increaseKey_min"/>
  <testcase name="testIncreaseHeapKey" time="0.0" classname="MaxHeapTest_10_tenElements_increaseKey_min"/>
  <testcase name="testIncreaseHeapKey" time="0.0" classname="MaxHeapTest_10_tenElements_increaseKey_min"/>
  <testcase name="testIncreaseHeapKey" time="0.0" classname="MaxHeapTest_10_tenElements_increaseKey_min"/>
  <testcase name="testIsEmpty" time="0.0" classname="MaxHeapTest_10_tenElements_increaseKey_min"/>
  <testcase name="testMaxHeapInsert" time="0.0" classname="MaxHeapTest_10_tenElements_increaseKey_min"/>
  <testcase name="testExtractHeapMax" time="0.001" classname="MaxHeapTest_11_fiveElements_increaseKey_mid"/>
  <testcase name="testGetHeapSize" time="0.0" classname="MaxHeapTest_11_fiveElements_increaseKey_mid"/>
  <testcase name="testHeapMax" time="0.0" classname="MaxHeapTest_11_fiveElements_increaseKey_mid"/>
  <testcase name="testIncreaseHeapKey" time="0.0" classname="MaxHeapTest_11_fiveElements_increaseKey_mid"/>
  <testcase name="testIncreaseHeapKey" time="0.0" classname="MaxHeapTest_11_fiveElements_increaseKey_mid"/>
  <testcase name="testIncreaseHeapKey" time="0.0" classname="MaxHeapTest_11_fiveElements_increaseKey_mid"/>
  <testcase name="testIncreaseHeapKey" time="0.0" classname="MaxHeapTest_11_fiveElements_increaseKey_mid"/>
  <testcase name="testIncreaseHeapKey" time="0.0" classname="MaxHeapTest_11_fiveElements_increaseKey_mid"/>
  <testcase name="testIsEmpty" time="0.0" classname="MaxHeapTest_11_fiveElements_increaseKey_mid"/>
  <testcase name="testMaxHeapInsert" time="0.0" classname="MaxHeapTest_11_fiveElements_increaseKey_mid"/>
  <testcase name="testExtractHeapMax" time="0.0" classname="MaxHeapTest_12_tenElements_increaseKey_mid"/>
  <testcase name="testGetHeapSize" time="0.0" classname="MaxHeapTest_12_tenElements_increaseKey_mid"/>
  <testcase name="testHeapMax" time="0.0" classname="MaxHeapTest_12_tenElements_increaseKey_mid"/>
  <testcase name="testIncreaseHeapKey" time="0.0" classname="MaxHeapTest_12_tenElements_increaseKey_mid"/>
  <testcase name="testIncreaseHeapKey" time="0.0" classname="MaxHeapTest_12_tenElements_increaseKey_mid"/>
  <testcase name="testIncreaseHeapKey" time="0.001" classname="MaxHeapTest_12_tenElements_increaseKey_mid"/>
  <testcase name="testIncreaseHeapKey" time="0.0" classname="MaxHeapTest_12_tenElements_increaseKey_mid"/>
  <testcase name="testIncreaseHeapKey" time="0.0" classname="MaxHeapTest_12_tenElements_increaseKey_mid"/>
  <testcase name="testIncreaseHeapKey" time="0.0" classname="MaxHeapTest_12_tenElements_increaseKey_mid"/>
  <testcase name="testIncreaseHeapKey" time="0.0" classname="MaxHeapTest_12_tenElements_increaseKey_mid"/>
  <testcase name="testIncreaseHeapKey" time="0.0" classname="MaxHeapTest_12_tenElements_increaseKey_mid"/>
  <testcase name="testIncreaseHeapKey" time="0.0" classname="MaxHeapTest_12_tenElements_increaseKey_mid"/>
  <testcase name="testIncreaseHeapKey" time="0.0" classname="MaxHeapTest_12_tenElements_increaseKey_mid"/>
  <testcase name="testIsEmpty" time="0.0" classname="MaxHeapTest_12_tenElements_increaseKey_mid"/>
  <testcase name="testMaxHeapInsert" time="0.0" classname="MaxHeapTest_12_tenElements_increaseKey_mid"/>
</testsuite>
