<?xml version="1.0" encoding="UTF-8"?>
<!-- Generated by org.testng.reporters.JUnitXMLReporter -->
<testsuite hostname="onyxnode14.boisestate.edu" tests="134" failures="0" timestamp="29 Sep 2017 22:37:41 GMT" time="0.017" errors="0">
  <testcase name="testIsEmpty" time="0.0" classname="PriorityQueueTest_1_oneElement_extract"/>
  <testcase name="testPQueueInsert" time="0.0" classname="PriorityQueueTest_1_oneElement_extract"/>
  <testcase name="testSize" time="0.0" classname="PriorityQueueTest_1_oneElement_extract"/>
  <testcase name="testExtractMax" time="0.0" classname="PriorityQueueTest_2_fiveElements_extract"/>
  <testcase name="testIncreaseKey" time="0.0" classname="PriorityQueueTest_2_fiveElements_extract"/>
  <testcase name="testIncreaseKey" time="0.0" classname="PriorityQueueTest_2_fiveElements_extract"/>
  <testcase name="testIncreaseKey" time="0.0" classname="PriorityQueueTest_2_fiveElements_extract"/>
  <testcase name="testIncreaseKey" time="0.0" classname="PriorityQueueTest_2_fiveElements_extract"/>
  <testcase name="testInsert" time="0.0" classname="PriorityQueueTest_2_fiveElements_extract"/>
  <testcase name="testIsEmpty" time="0.0" classname="PriorityQueueTest_2_fiveElements_extract"/>
  <testcase name="testMaximum" time="0.001" classname="PriorityQueueTest_2_fiveElements_extract"/>
  <testcase name="testSize" time="0.0" classname="PriorityQueueTest_2_fiveElements_extract"/>
  <testcase name="testExtractMax" time="0.0" classname="PriorityQueueTest_3_tenElements_extract"/>
  <testcase name="testIncreaseKey" time="0.0" classname="PriorityQueueTest_3_tenElements_extract"/>
  <testcase name="testIncreaseKey" time="0.0" classname="PriorityQueueTest_3_tenElements_extract"/>
  <testcase name="testIncreaseKey" time="0.0" classname="PriorityQueueTest_3_tenElements_extract"/>
  <testcase name="testIncreaseKey" time="0.0" classname="PriorityQueueTest_3_tenElements_extract"/>
  <testcase name="testIncreaseKey" time="0.0" classname="PriorityQueueTest_3_tenElements_extract"/>
  <testcase name="testIncreaseKey" time="0.001" classname="PriorityQueueTest_3_tenElements_extract"/>
  <testcase name="testIncreaseKey" time="0.0" classname="PriorityQueueTest_3_tenElements_extract"/>
  <testcase name="testIncreaseKey" time="0.0" classname="PriorityQueueTest_3_tenElements_extract"/>
  <testcase name="testIncreaseKey" time="0.0" classname="PriorityQueueTest_3_tenElements_extract"/>
  <testcase name="testInsert" time="0.0" classname="PriorityQueueTest_3_tenElements_extract"/>
  <testcase name="testIsEmpty" time="0.0" classname="PriorityQueueTest_3_tenElements_extract"/>
  <testcase name="testMaximum" time="0.0" classname="PriorityQueueTest_3_tenElements_extract"/>
  <testcase name="testSize" time="0.0" classname="PriorityQueueTest_3_tenElements_extract"/>
  <testcase name="testExtractMax" time="0.0" classname="PriorityQueueTest_4_empty_insert"/>
  <testcase name="testIncreaseKey" time="0.0" classname="PriorityQueueTest_4_empty_insert"/>
  <testcase name="testInsert" time="0.0" classname="PriorityQueueTest_4_empty_insert"/>
  <testcase name="testIsEmpty" time="0.0" classname="PriorityQueueTest_4_empty_insert"/>
  <testcase name="testMaximum" time="0.0" classname="PriorityQueueTest_4_empty_insert"/>
  <testcase name="testSize" time="0.0" classname="PriorityQueueTest_4_empty_insert"/>
  <testcase name="testExtractMax" time="0.0" classname="PriorityQueueTest_5_fiveElements_insert"/>
  <testcase name="testIncreaseKey" time="0.0" classname="PriorityQueueTest_5_fiveElements_insert"/>
  <testcase name="testIncreaseKey" time="0.0" classname="PriorityQueueTest_5_fiveElements_insert"/>
  <testcase name="testIncreaseKey" time="0.0" classname="PriorityQueueTest_5_fiveElements_insert"/>
  <testcase name="testIncreaseKey" time="0.0" classname="PriorityQueueTest_5_fiveElements_insert"/>
  <testcase name="testIncreaseKey" time="0.0" classname="PriorityQueueTest_5_fiveElements_insert"/>
  <testcase name="testIncreaseKey" time="0.0" classname="PriorityQueueTest_5_fiveElements_insert"/>
  <testcase name="testInsert" time="0.0" classname="PriorityQueueTest_5_fiveElements_insert"/>
  <testcase name="testIsEmpty" time="0.0" classname="PriorityQueueTest_5_fiveElements_insert"/>
  <testcase name="testMaximum" time="0.0" classname="PriorityQueueTest_5_fiveElements_insert"/>
  <testcase name="testSize" time="0.0" classname="PriorityQueueTest_5_fiveElements_insert"/>
  <testcase name="testExtractMax" time="0.0" classname="PriorityQueueTest_6_tenElements_insert"/>
  <testcase name="testIncreaseKey" time="0.0" classname="PriorityQueueTest_6_tenElements_insert"/>
  <testcase name="testIncreaseKey" time="0.0" classname="PriorityQueueTest_6_tenElements_insert"/>
  <testcase name="testIncreaseKey" time="0.0" classname="PriorityQueueTest_6_tenElements_insert"/>
  <testcase name="testIncreaseKey" time="0.0" classname="PriorityQueueTest_6_tenElements_insert"/>
  <testcase name="testIncreaseKey" time="0.0" classname="PriorityQueueTest_6_tenElements_insert"/>
  <testcase name="testIncreaseKey" time="0.0" classname="PriorityQueueTest_6_tenElements_insert"/>
  <testcase name="testIncreaseKey" time="0.0" classname="PriorityQueueTest_6_tenElements_insert"/>
  <testcase name="testIncreaseKey" time="0.0" classname="PriorityQueueTest_6_tenElements_insert"/>
  <testcase name="testIncreaseKey" time="0.0" classname="PriorityQueueTest_6_tenElements_insert"/>
  <testcase name="testIncreaseKey" time="0.001" classname="PriorityQueueTest_6_tenElements_insert"/>
  <testcase name="testIncreaseKey" time="0.0" classname="PriorityQueueTest_6_tenElements_insert"/>
  <testcase name="testInsert" time="0.0" classname="PriorityQueueTest_6_tenElements_insert"/>
  <testcase name="testIsEmpty" time="0.0" classname="PriorityQueueTest_6_tenElements_insert"/>
  <testcase name="testMaximum" time="0.0" classname="PriorityQueueTest_6_tenElements_insert"/>
  <testcase name="testSize" time="0.0" classname="PriorityQueueTest_6_tenElements_insert"/>
  <testcase name="testExtractMax" time="0.0" classname="PriorityQueueTest_7_fiveElements_increaseKey_max"/>
  <testcase name="testIncreaseKey" time="0.0" classname="PriorityQueueTest_7_fiveElements_increaseKey_max"/>
  <testcase name="testIncreaseKey" time="0.0" classname="PriorityQueueTest_7_fiveElements_increaseKey_max"/>
  <testcase name="testIncreaseKey" time="0.0" classname="PriorityQueueTest_7_fiveElements_increaseKey_max"/>
  <testcase name="testIncreaseKey" time="0.0" classname="PriorityQueueTest_7_fiveElements_increaseKey_max"/>
  <testcase name="testIncreaseKey" time="0.0" classname="PriorityQueueTest_7_fiveElements_increaseKey_max"/>
  <testcase name="testInsert" time="0.0" classname="PriorityQueueTest_7_fiveElements_increaseKey_max"/>
  <testcase name="testIsEmpty" time="0.0" classname="PriorityQueueTest_7_fiveElements_increaseKey_max"/>
  <testcase name="testMaximum" time="0.0" classname="PriorityQueueTest_7_fiveElements_increaseKey_max"/>
  <testcase name="testSize" time="0.001" classname="PriorityQueueTest_7_fiveElements_increaseKey_max"/>
  <testcase name="testExtractMax" time="0.0" classname="PriorityQueueTest_8_tenElements_increaseKey_max"/>
  <testcase name="testIncreaseKey" time="0.0" classname="PriorityQueueTest_8_tenElements_increaseKey_max"/>
  <testcase name="testIncreaseKey" time="0.0" classname="PriorityQueueTest_8_tenElements_increaseKey_max"/>
  <testcase name="testIncreaseKey" time="0.0" classname="PriorityQueueTest_8_tenElements_increaseKey_max"/>
  <testcase name="testIncreaseKey" time="0.0" classname="PriorityQueueTest_8_tenElements_increaseKey_max"/>
  <testcase name="testIncreaseKey" time="0.0" classname="PriorityQueueTest_8_tenElements_increaseKey_max"/>
  <testcase name="testIncreaseKey" time="0.0" classname="PriorityQueueTest_8_tenElements_increaseKey_max"/>
  <testcase name="testIncreaseKey" time="0.0" classname="PriorityQueueTest_8_tenElements_increaseKey_max"/>
  <testcase name="testIncreaseKey" time="0.0" classname="PriorityQueueTest_8_tenElements_increaseKey_max"/>
  <testcase name="testIncreaseKey" time="0.0" classname="PriorityQueueTest_8_tenElements_increaseKey_max"/>
  <testcase name="testIncreaseKey" time="0.0" classname="PriorityQueueTest_8_tenElements_increaseKey_max"/>
  <testcase name="testInsert" time="0.0" classname="PriorityQueueTest_8_tenElements_increaseKey_max"/>
  <testcase name="testIsEmpty" time="0.0" classname="PriorityQueueTest_8_tenElements_increaseKey_max"/>
  <testcase name="testMaximum" time="0.0" classname="PriorityQueueTest_8_tenElements_increaseKey_max"/>
  <testcase name="testSize" time="0.0" classname="PriorityQueueTest_8_tenElements_increaseKey_max"/>
  <testcase name="testExtractMax" time="0.0" classname="PriorityQueueTest_9_fiveElements_increaseKey_min"/>
  <testcase name="testIncreaseKey" time="0.0" classname="PriorityQueueTest_9_fiveElements_increaseKey_min"/>
  <testcase name="testIncreaseKey" time="0.0" classname="PriorityQueueTest_9_fiveElements_increaseKey_min"/>
  <testcase name="testIncreaseKey" time="0.0" classname="PriorityQueueTest_9_fiveElements_increaseKey_min"/>
  <testcase name="testIncreaseKey" time="0.001" classname="PriorityQueueTest_9_fiveElements_increaseKey_min"/>
  <testcase name="testIncreaseKey" time="0.0" classname="PriorityQueueTest_9_fiveElements_increaseKey_min"/>
  <testcase name="testInsert" time="0.0" classname="PriorityQueueTest_9_fiveElements_increaseKey_min"/>
  <testcase name="testIsEmpty" time="0.0" classname="PriorityQueueTest_9_fiveElements_increaseKey_min"/>
  <testcase name="testMaximum" time="0.0" classname="PriorityQueueTest_9_fiveElements_increaseKey_min"/>
  <testcase name="testSize" time="0.0" classname="PriorityQueueTest_9_fiveElements_increaseKey_min"/>
  <testcase name="testExtractMax" time="0.0" classname="PriorityQueueTest_10_tenElements_increaseKey_min"/>
  <testcase name="testIncreaseKey" time="0.0" classname="PriorityQueueTest_10_tenElements_increaseKey_min"/>
  <testcase name="testIncreaseKey" time="0.0" classname="PriorityQueueTest_10_tenElements_increaseKey_min"/>
  <testcase name="testIncreaseKey" time="0.0" classname="PriorityQueueTest_10_tenElements_increaseKey_min"/>
  <testcase name="testIncreaseKey" time="0.0" classname="PriorityQueueTest_10_tenElements_increaseKey_min"/>
  <testcase name="testIncreaseKey" time="0.0" classname="PriorityQueueTest_10_tenElements_increaseKey_min"/>
  <testcase name="testIncreaseKey" time="0.0" classname="PriorityQueueTest_10_tenElements_increaseKey_min"/>
  <testcase name="testIncreaseKey" time="0.0" classname="PriorityQueueTest_10_tenElements_increaseKey_min"/>
  <testcase name="testIncreaseKey" time="0.0" classname="PriorityQueueTest_10_tenElements_increaseKey_min"/>
  <testcase name="testIncreaseKey" time="0.0" classname="PriorityQueueTest_10_tenElements_increaseKey_min"/>
  <testcase name="testIncreaseKey" time="0.0" classname="PriorityQueueTest_10_tenElements_increaseKey_min"/>
  <testcase name="testInsert" time="0.0" classname="PriorityQueueTest_10_tenElements_increaseKey_min"/>
  <testcase name="testIsEmpty" time="0.0" classname="PriorityQueueTest_10_tenElements_increaseKey_min"/>
  <testcase name="testMaximum" time="0.0" classname="PriorityQueueTest_10_tenElements_increaseKey_min"/>
  <testcase name="testSize" time="0.0" classname="PriorityQueueTest_10_tenElements_increaseKey_min"/>
  <testcase name="testExtractHeapMax" time="0.0" classname="PriorityQueueTest_11_fiveElements_increaseKey_mid"/>
  <testcase name="testIncreaseKey" time="0.0" classname="PriorityQueueTest_11_fiveElements_increaseKey_mid"/>
  <testcase name="testIncreaseKey" time="0.0" classname="PriorityQueueTest_11_fiveElements_increaseKey_mid"/>
  <testcase name="testIncreaseKey" time="0.0" classname="PriorityQueueTest_11_fiveElements_increaseKey_mid"/>
  <testcase name="testIncreaseKey" time="0.0" classname="PriorityQueueTest_11_fiveElements_increaseKey_mid"/>
  <testcase name="testIncreaseKey" time="0.0" classname="PriorityQueueTest_11_fiveElements_increaseKey_mid"/>
  <testcase name="testInsert" time="0.0" classname="PriorityQueueTest_11_fiveElements_increaseKey_mid"/>
  <testcase name="testIsEmpty" time="0.0" classname="PriorityQueueTest_11_fiveElements_increaseKey_mid"/>
  <testcase name="testMaximum" time="0.0" classname="PriorityQueueTest_11_fiveElements_increaseKey_mid"/>
  <testcase name="testSize" time="0.0" classname="PriorityQueueTest_11_fiveElements_increaseKey_mid"/>
  <testcase name="testExtractMax" time="0.0" classname="PriorityQueueTest_12_tenElements_increaseKey_mid"/>
  <testcase name="testIncreaseKey" time="0.0" classname="PriorityQueueTest_12_tenElements_increaseKey_mid"/>
  <testcase name="testIncreaseKey" time="0.0" classname="PriorityQueueTest_12_tenElements_increaseKey_mid"/>
  <testcase name="testIncreaseKey" time="0.0" classname="PriorityQueueTest_12_tenElements_increaseKey_mid"/>
  <testcase name="testIncreaseKey" time="0.0" classname="PriorityQueueTest_12_tenElements_increaseKey_mid"/>
  <testcase name="testIncreaseKey" time="0.0" classname="PriorityQueueTest_12_tenElements_increaseKey_mid"/>
  <testcase name="testIncreaseKey" time="0.0" classname="PriorityQueueTest_12_tenElements_increaseKey_mid"/>
  <testcase name="testIncreaseKey" time="0.0" classname="PriorityQueueTest_12_tenElements_increaseKey_mid"/>
  <testcase name="testIncreaseKey" time="0.0" classname="PriorityQueueTest_12_tenElements_increaseKey_mid"/>
  <testcase name="testIncreaseKey" time="0.0" classname="PriorityQueueTest_12_tenElements_increaseKey_mid"/>
  <testcase name="testIncreaseKey" time="0.0" classname="PriorityQueueTest_12_tenElements_increaseKey_mid"/>
  <testcase name="testInsert" time="0.0" classname="PriorityQueueTest_12_tenElements_increaseKey_mid"/>
  <testcase name="testIsEmpty" time="0.0" classname="PriorityQueueTest_12_tenElements_increaseKey_mid"/>
  <testcase name="testMaximum" time="0.0" classname="PriorityQueueTest_12_tenElements_increaseKey_mid"/>
  <testcase name="testSize" time="0.0" classname="PriorityQueueTest_12_tenElements_increaseKey_mid"/>
</testsuite>
